{"/Users/annon/projects/GTD/netlify/functions/analytics-query.mts": {"path":"/Users/annon/projects/GTD/netlify/functions/analytics-query.mts","statementMap":{"0":{"start":{"line":12,"column":1},"end":{"line":17,"column":null}},"1":{"start":{"line":13,"column":2},"end":{"line":16,"column":null}},"2":{"start":{"line":19,"column":1},"end":{"line":115,"column":null}},"3":{"start":{"line":21,"column":28},"end":{"line":21,"column":null}},"4":{"start":{"line":22,"column":2},"end":{"line":27,"column":null}},"5":{"start":{"line":23,"column":3},"end":{"line":26,"column":null}},"6":{"start":{"line":30,"column":21},"end":{"line":30,"column":null}},"7":{"start":{"line":31,"column":2},"end":{"line":39,"column":null}},"8":{"start":{"line":32,"column":3},"end":{"line":38,"column":null}},"9":{"start":{"line":42,"column":28},"end":{"line":42,"column":null}},"10":{"start":{"line":43,"column":22},"end":{"line":43,"column":null}},"11":{"start":{"line":44,"column":31},"end":{"line":44,"column":null}},"12":{"start":{"line":46,"column":2},"end":{"line":54,"column":null}},"13":{"start":{"line":47,"column":3},"end":{"line":53,"column":null}},"14":{"start":{"line":57,"column":14},"end":{"line":57,"column":null}},"15":{"start":{"line":58,"column":20},"end":{"line":58,"column":null}},"16":{"start":{"line":59,"column":15},"end":{"line":59,"column":null}},"17":{"start":{"line":62,"column":26},"end":{"line":62,"column":null}},"18":{"start":{"line":63,"column":16},"end":{"line":63,"column":null}},"19":{"start":{"line":64,"column":2},"end":{"line":68,"column":null}},"20":{"start":{"line":64,"column":15},"end":{"line":64,"column":18}},"21":{"start":{"line":65,"column":16},"end":{"line":65,"column":null}},"22":{"start":{"line":66,"column":3},"end":{"line":66,"column":null}},"23":{"start":{"line":67,"column":3},"end":{"line":67,"column":null}},"24":{"start":{"line":71,"column":8},"end":{"line":71,"column":null}},"25":{"start":{"line":72,"column":28},"end":{"line":72,"column":null}},"26":{"start":{"line":72,"column":39},"end":{"line":72,"column":78}},"27":{"start":{"line":73,"column":38},"end":{"line":73,"column":null}},"28":{"start":{"line":76,"column":2},"end":{"line":78,"column":null}},"29":{"start":{"line":77,"column":3},"end":{"line":77,"column":null}},"30":{"start":{"line":81,"column":8},"end":{"line":81,"column":null}},"31":{"start":{"line":84,"column":20},"end":{"line":84,"column":null}},"32":{"start":{"line":85,"column":19},"end":{"line":85,"column":null}},"33":{"start":{"line":87,"column":19},"end":{"line":95,"column":null}},"34":{"start":{"line":97,"column":2},"end":{"line":103,"column":null}},"35":{"start":{"line":105,"column":2},"end":{"line":105,"column":null}},"36":{"start":{"line":106,"column":2},"end":{"line":114,"column":null}}},"fnMap":{"0":{"name":"(anonymous_0)","decl":{"start":{"line":10,"column":15},"end":{"line":10,"column":22}},"loc":{"start":{"line":10,"column":57},"end":{"line":116,"column":null}},"line":10},"1":{"name":"(anonymous_1)","decl":{"start":{"line":72,"column":38},"end":{"line":72,"column":39}},"loc":{"start":{"line":72,"column":39},"end":{"line":72,"column":78}},"line":72},"2":{"name":"(anonymous_2)","decl":{"start":{"line":76,"column":30},"end":{"line":76,"column":31}},"loc":{"start":{"line":76,"column":39},"end":{"line":78,"column":3}},"line":76}},"branchMap":{"0":{"loc":{"start":{"line":12,"column":1},"end":{"line":17,"column":null}},"type":"if","locations":[{"start":{"line":12,"column":1},"end":{"line":17,"column":null}},{"start":{},"end":{}}],"line":12},"1":{"loc":{"start":{"line":22,"column":2},"end":{"line":27,"column":null}},"type":"if","locations":[{"start":{"line":22,"column":2},"end":{"line":27,"column":null}},{"start":{},"end":{}}],"line":22},"2":{"loc":{"start":{"line":31,"column":2},"end":{"line":39,"column":null}},"type":"if","locations":[{"start":{"line":31,"column":2},"end":{"line":39,"column":null}},{"start":{},"end":{}}],"line":31},"3":{"loc":{"start":{"line":31,"column":6},"end":{"line":31,"column":55}},"type":"binary-expr","locations":[{"start":{"line":31,"column":6},"end":{"line":31,"column":21}},{"start":{"line":31,"column":21},"end":{"line":31,"column":55}}],"line":31},"4":{"loc":{"start":{"line":46,"column":2},"end":{"line":54,"column":null}},"type":"if","locations":[{"start":{"line":46,"column":2},"end":{"line":54,"column":null}},{"start":{},"end":{}}],"line":46},"5":{"loc":{"start":{"line":59,"column":33},"end":{"line":59,"column":52}},"type":"binary-expr","locations":[{"start":{"line":59,"column":33},"end":{"line":59,"column":46}},{"start":{"line":59,"column":46},"end":{"line":59,"column":52}}],"line":59}},"s":{"0":13,"1":1,"2":12,"3":12,"4":12,"5":1,"6":11,"7":11,"8":2,"9":9,"10":9,"11":9,"12":9,"13":1,"14":8,"15":8,"16":8,"17":13,"18":13,"19":13,"20":13,"21":532,"22":532,"23":532,"24":8,"25":8,"26":532,"27":8,"28":8,"29":0,"30":8,"31":8,"32":8,"33":8,"34":8,"35":0,"36":0},"f":{"0":13,"1":532,"2":0},"b":{"0":[1,12],"1":[1,11],"2":[2,9],"3":[11,10],"4":[1,8],"5":[8,4]},"meta":{"lastBranch":6,"lastFunction":3,"lastStatement":37,"seen":{"f:10:15:10:22":0,"b:12:1:17:Infinity:undefined:undefined:undefined:undefined":0,"s:12:1:17:Infinity":0,"s:13:2:16:Infinity":1,"s:19:1:115:Infinity":2,"s:21:28:21:Infinity":3,"b:22:2:27:Infinity:undefined:undefined:undefined:undefined":1,"s:22:2:27:Infinity":4,"s:23:3:26:Infinity":5,"s:30:21:30:Infinity":6,"b:31:2:39:Infinity:undefined:undefined:undefined:undefined":2,"s:31:2:39:Infinity":7,"b:31:6:31:21:31:21:31:55":3,"s:32:3:38:Infinity":8,"s:42:28:42:Infinity":9,"s:43:22:43:Infinity":10,"s:44:31:44:Infinity":11,"b:46:2:54:Infinity:undefined:undefined:undefined:undefined":4,"s:46:2:54:Infinity":12,"s:47:3:53:Infinity":13,"s:57:14:57:Infinity":14,"s:58:20:58:Infinity":15,"s:59:15:59:Infinity":16,"b:59:33:59:46:59:46:59:52":5,"s:62:26:62:Infinity":17,"s:63:16:63:Infinity":18,"s:64:2:68:Infinity":19,"s:64:15:64:18":20,"s:65:16:65:Infinity":21,"s:66:3:66:Infinity":22,"s:67:3:67:Infinity":23,"s:71:8:71:Infinity":24,"s:72:28:72:Infinity":25,"f:72:38:72:39":1,"s:72:39:72:78":26,"s:73:38:73:Infinity":27,"s:76:2:78:Infinity":28,"f:76:30:76:31":2,"s:77:3:77:Infinity":29,"s:81:8:81:Infinity":30,"s:84:20:84:Infinity":31,"s:85:19:85:Infinity":32,"s:87:19:95:Infinity":33,"s:97:2:103:Infinity":34,"s:105:2:105:Infinity":35,"s:106:2:114:Infinity":36}}}
,"/Users/annon/projects/GTD/netlify/functions/analytics-track.mts": {"path":"/Users/annon/projects/GTD/netlify/functions/analytics-track.mts","statementMap":{"0":{"start":{"line":12,"column":1},"end":{"line":17,"column":null}},"1":{"start":{"line":13,"column":2},"end":{"line":16,"column":null}},"2":{"start":{"line":19,"column":1},"end":{"line":98,"column":null}},"3":{"start":{"line":21,"column":2},"end":{"line":26,"column":null}},"4":{"start":{"line":22,"column":3},"end":{"line":25,"column":null}},"5":{"start":{"line":29,"column":15},"end":{"line":29,"column":null}},"6":{"start":{"line":30,"column":48},"end":{"line":30,"column":null}},"7":{"start":{"line":33,"column":2},"end":{"line":38,"column":null}},"8":{"start":{"line":34,"column":3},"end":{"line":37,"column":null}},"9":{"start":{"line":40,"column":2},"end":{"line":45,"column":null}},"10":{"start":{"line":41,"column":3},"end":{"line":44,"column":null}},"11":{"start":{"line":48,"column":20},"end":{"line":48,"column":null}},"12":{"start":{"line":51,"column":8},"end":{"line":51,"column":null}},"13":{"start":{"line":54,"column":8},"end":{"line":54,"column":null}},"14":{"start":{"line":55,"column":20},"end":{"line":55,"column":null}},"15":{"start":{"line":59,"column":2},"end":{"line":61,"column":null}},"16":{"start":{"line":60,"column":3},"end":{"line":60,"column":null}},"17":{"start":{"line":64,"column":2},"end":{"line":64,"column":null}},"18":{"start":{"line":67,"column":2},"end":{"line":70,"column":null}},"19":{"start":{"line":68,"column":3},"end":{"line":68,"column":null}},"20":{"start":{"line":69,"column":3},"end":{"line":69,"column":null}},"21":{"start":{"line":73,"column":2},"end":{"line":78,"column":null}},"22":{"start":{"line":74,"column":20},"end":{"line":74,"column":null}},"23":{"start":{"line":75,"column":3},"end":{"line":77,"column":null}},"24":{"start":{"line":76,"column":4},"end":{"line":76,"column":null}},"25":{"start":{"line":81,"column":2},"end":{"line":81,"column":null}},"26":{"start":{"line":83,"column":2},"end":{"line":86,"column":null}},"27":{"start":{"line":88,"column":2},"end":{"line":88,"column":null}},"28":{"start":{"line":89,"column":2},"end":{"line":97,"column":null}}},"fnMap":{"0":{"name":"(anonymous_0)","decl":{"start":{"line":10,"column":15},"end":{"line":10,"column":22}},"loc":{"start":{"line":10,"column":57},"end":{"line":99,"column":null}},"line":10}},"branchMap":{"0":{"loc":{"start":{"line":12,"column":1},"end":{"line":17,"column":null}},"type":"if","locations":[{"start":{"line":12,"column":1},"end":{"line":17,"column":null}},{"start":{},"end":{}}],"line":12},"1":{"loc":{"start":{"line":21,"column":2},"end":{"line":26,"column":null}},"type":"if","locations":[{"start":{"line":21,"column":2},"end":{"line":26,"column":null}},{"start":{},"end":{}}],"line":21},"2":{"loc":{"start":{"line":33,"column":2},"end":{"line":38,"column":null}},"type":"if","locations":[{"start":{"line":33,"column":2},"end":{"line":38,"column":null}},{"start":{},"end":{}}],"line":33},"3":{"loc":{"start":{"line":33,"column":6},"end":{"line":33,"column":43}},"type":"binary-expr","locations":[{"start":{"line":33,"column":6},"end":{"line":33,"column":16}},{"start":{"line":33,"column":16},"end":{"line":33,"column":43}}],"line":33},"4":{"loc":{"start":{"line":40,"column":2},"end":{"line":45,"column":null}},"type":"if","locations":[{"start":{"line":40,"column":2},"end":{"line":45,"column":null}},{"start":{},"end":{}}],"line":40},"5":{"loc":{"start":{"line":40,"column":6},"end":{"line":40,"column":39}},"type":"binary-expr","locations":[{"start":{"line":40,"column":6},"end":{"line":40,"column":14}},{"start":{"line":40,"column":14},"end":{"line":40,"column":39}}],"line":40},"6":{"loc":{"start":{"line":59,"column":2},"end":{"line":61,"column":null}},"type":"if","locations":[{"start":{"line":59,"column":2},"end":{"line":61,"column":null}},{"start":{},"end":{}}],"line":59},"7":{"loc":{"start":{"line":60,"column":31},"end":{"line":60,"column":64}},"type":"binary-expr","locations":[{"start":{"line":60,"column":31},"end":{"line":60,"column":59}},{"start":{"line":60,"column":59},"end":{"line":60,"column":64}}],"line":60},"8":{"loc":{"start":{"line":64,"column":29},"end":{"line":64,"column":61}},"type":"binary-expr","locations":[{"start":{"line":64,"column":29},"end":{"line":64,"column":56}},{"start":{"line":64,"column":56},"end":{"line":64,"column":61}}],"line":64},"9":{"loc":{"start":{"line":67,"column":2},"end":{"line":70,"column":null}},"type":"if","locations":[{"start":{"line":67,"column":2},"end":{"line":70,"column":null}},{"start":{},"end":{}}],"line":67},"10":{"loc":{"start":{"line":73,"column":2},"end":{"line":78,"column":null}},"type":"if","locations":[{"start":{"line":73,"column":2},"end":{"line":78,"column":null}},{"start":{},"end":{}}],"line":73},"11":{"loc":{"start":{"line":73,"column":6},"end":{"line":73,"column":80}},"type":"binary-expr","locations":[{"start":{"line":73,"column":6},"end":{"line":73,"column":20}},{"start":{"line":73,"column":20},"end":{"line":73,"column":54}},{"start":{"line":73,"column":54},"end":{"line":73,"column":80}}],"line":73},"12":{"loc":{"start":{"line":75,"column":3},"end":{"line":77,"column":null}},"type":"if","locations":[{"start":{"line":75,"column":3},"end":{"line":77,"column":null}},{"start":{},"end":{}}],"line":75},"13":{"loc":{"start":{"line":75,"column":7},"end":{"line":75,"column":36}},"type":"binary-expr","locations":[{"start":{"line":75,"column":7},"end":{"line":75,"column":19}},{"start":{"line":75,"column":19},"end":{"line":75,"column":36}}],"line":75},"14":{"loc":{"start":{"line":76,"column":37},"end":{"line":76,"column":75}},"type":"binary-expr","locations":[{"start":{"line":76,"column":37},"end":{"line":76,"column":70}},{"start":{"line":76,"column":70},"end":{"line":76,"column":75}}],"line":76}},"s":{"0":17,"1":2,"2":15,"3":15,"4":1,"5":14,"6":14,"7":14,"8":2,"9":12,"10":2,"11":10,"12":9,"13":9,"14":9,"15":9,"16":8,"17":9,"18":17,"19":8,"20":8,"21":9,"22":2,"23":2,"24":1,"25":9,"26":9,"27":1,"28":1},"f":{"0":17},"b":{"0":[2,15],"1":[1,14],"2":[2,12],"3":[14,13],"4":[2,10],"5":[12,11],"6":[8,1],"7":[8,7],"8":[9,8],"9":[8,9],"10":[2,7],"11":[9,2,2],"12":[1,1],"13":[2,1],"14":[1,1]},"meta":{"lastBranch":15,"lastFunction":1,"lastStatement":29,"seen":{"f:10:15:10:22":0,"b:12:1:17:Infinity:undefined:undefined:undefined:undefined":0,"s:12:1:17:Infinity":0,"s:13:2:16:Infinity":1,"s:19:1:98:Infinity":2,"b:21:2:26:Infinity:undefined:undefined:undefined:undefined":1,"s:21:2:26:Infinity":3,"s:22:3:25:Infinity":4,"s:29:15:29:Infinity":5,"s:30:48:30:Infinity":6,"b:33:2:38:Infinity:undefined:undefined:undefined:undefined":2,"s:33:2:38:Infinity":7,"b:33:6:33:16:33:16:33:43":3,"s:34:3:37:Infinity":8,"b:40:2:45:Infinity:undefined:undefined:undefined:undefined":4,"s:40:2:45:Infinity":9,"b:40:6:40:14:40:14:40:39":5,"s:41:3:44:Infinity":10,"s:48:20:48:Infinity":11,"s:51:8:51:Infinity":12,"s:54:8:54:Infinity":13,"s:55:20:55:Infinity":14,"b:59:2:61:Infinity:undefined:undefined:undefined:undefined":6,"s:59:2:61:Infinity":15,"s:60:3:60:Infinity":16,"b:60:31:60:59:60:59:60:64":7,"s:64:2:64:Infinity":17,"b:64:29:64:56:64:56:64:61":8,"b:67:2:70:Infinity:undefined:undefined:undefined:undefined":9,"s:67:2:70:Infinity":18,"s:68:3:68:Infinity":19,"s:69:3:69:Infinity":20,"b:73:2:78:Infinity:undefined:undefined:undefined:undefined":10,"s:73:2:78:Infinity":21,"b:73:6:73:20:73:20:73:54:73:54:73:80":11,"s:74:20:74:Infinity":22,"b:75:3:77:Infinity:undefined:undefined:undefined:undefined":12,"s:75:3:77:Infinity":23,"b:75:7:75:19:75:19:75:36":13,"s:76:4:76:Infinity":24,"b:76:37:76:70:76:70:76:75":14,"s:81:2:81:Infinity":25,"s:83:2:86:Infinity":26,"s:88:2:88:Infinity":27,"s:89:2:97:Infinity":28}}}
,"/Users/annon/projects/GTD/netlify/functions/analytics-utils.ts": {"path":"/Users/annon/projects/GTD/netlify/functions/analytics-utils.ts","statementMap":{"0":{"start":{"line":26,"column":2},"end":{"line":28,"column":null}},"1":{"start":{"line":31,"column":19},"end":{"line":31,"column":null}},"2":{"start":{"line":34,"column":7},"end":{"line":34,"column":null}},"3":{"start":{"line":37,"column":7},"end":{"line":37,"column":null}},"4":{"start":{"line":38,"column":17},"end":{"line":38,"column":null}},"5":{"start":{"line":39,"column":27},"end":{"line":39,"column":null}},"6":{"start":{"line":41,"column":1},"end":{"line":53,"column":null}},"7":{"start":{"line":43,"column":20},"end":{"line":43,"column":null}},"8":{"start":{"line":44,"column":2},"end":{"line":44,"column":null}},"9":{"start":{"line":45,"column":2},"end":{"line":47,"column":null}},"10":{"start":{"line":46,"column":15},"end":{"line":46,"column":46}},"11":{"start":{"line":50,"column":2},"end":{"line":52,"column":null}},"12":{"start":{"line":57,"column":17},"end":{"line":57,"column":null}},"13":{"start":{"line":58,"column":14},"end":{"line":58,"column":null}},"14":{"start":{"line":59,"column":20},"end":{"line":59,"column":null}},"15":{"start":{"line":60,"column":19},"end":{"line":60,"column":null}},"16":{"start":{"line":61,"column":17},"end":{"line":63,"column":null}},"17":{"start":{"line":62,"column":14},"end":{"line":62,"column":45}},"18":{"start":{"line":65,"column":1},"end":{"line":65,"column":null}},"19":{"start":{"line":78,"column":13},"end":{"line":78,"column":null}},"20":{"start":{"line":79,"column":18},"end":{"line":79,"column":null}},"21":{"start":{"line":81,"column":1},"end":{"line":83,"column":null}},"22":{"start":{"line":82,"column":2},"end":{"line":82,"column":null}},"23":{"start":{"line":86,"column":1},"end":{"line":93,"column":null}},"24":{"start":{"line":107,"column":13},"end":{"line":107,"column":null}},"25":{"start":{"line":108,"column":1},"end":{"line":110,"column":null}},"26":{"start":{"line":132,"column":20},"end":{"line":132,"column":null}},"27":{"start":{"line":133,"column":1},"end":{"line":133,"column":null}},"28":{"start":{"line":134,"column":16},"end":{"line":134,"column":null}},"29":{"start":{"line":136,"column":20},"end":{"line":136,"column":null}},"30":{"start":{"line":139,"column":20},"end":{"line":139,"column":null}},"31":{"start":{"line":140,"column":1},"end":{"line":147,"column":null}},"32":{"start":{"line":142,"column":18},"end":{"line":142,"column":null}},"33":{"start":{"line":143,"column":2},"end":{"line":146,"column":null}},"34":{"start":{"line":144,"column":3},"end":{"line":144,"column":null}},"35":{"start":{"line":145,"column":3},"end":{"line":145,"column":null}},"36":{"start":{"line":150,"column":19},"end":{"line":150,"column":null}},"37":{"start":{"line":151,"column":1},"end":{"line":158,"column":null}},"38":{"start":{"line":153,"column":18},"end":{"line":153,"column":null}},"39":{"start":{"line":154,"column":2},"end":{"line":157,"column":null}},"40":{"start":{"line":155,"column":3},"end":{"line":155,"column":null}},"41":{"start":{"line":156,"column":3},"end":{"line":156,"column":null}},"42":{"start":{"line":160,"column":1},"end":{"line":160,"column":null}},"43":{"start":{"line":161,"column":1},"end":{"line":161,"column":null}},"44":{"start":{"line":170,"column":22},"end":{"line":170,"column":null}},"45":{"start":{"line":171,"column":27},"end":{"line":171,"column":null}},"46":{"start":{"line":173,"column":2},"end":{"line":173,"column":null}},"47":{"start":{"line":174,"column":42},"end":{"line":174,"column":null}},"48":{"start":{"line":175,"column":43},"end":{"line":175,"column":null}},"49":{"start":{"line":176,"column":46},"end":{"line":176,"column":null}},"50":{"start":{"line":179,"column":1},"end":{"line":212,"column":null}},"51":{"start":{"line":181,"column":23},"end":{"line":181,"column":null}},"52":{"start":{"line":181,"column":75},"end":{"line":181,"column":88}},"53":{"start":{"line":182,"column":2},"end":{"line":182,"column":null}},"54":{"start":{"line":185,"column":2},"end":{"line":185,"column":null}},"55":{"start":{"line":188,"column":20},"end":{"line":188,"column":null}},"56":{"start":{"line":188,"column":69},"end":{"line":188,"column":82}},"57":{"start":{"line":191,"column":2},"end":{"line":196,"column":null}},"58":{"start":{"line":199,"column":2},"end":{"line":201,"column":null}},"59":{"start":{"line":200,"column":3},"end":{"line":200,"column":null}},"60":{"start":{"line":204,"column":2},"end":{"line":206,"column":null}},"61":{"start":{"line":205,"column":3},"end":{"line":205,"column":null}},"62":{"start":{"line":209,"column":2},"end":{"line":211,"column":null}},"63":{"start":{"line":210,"column":3},"end":{"line":210,"column":null}},"64":{"start":{"line":215,"column":1},"end":{"line":215,"column":null}},"65":{"start":{"line":215,"column":29},"end":{"line":215,"column":57}},"66":{"start":{"line":218,"column":18},"end":{"line":221,"column":null}},"67":{"start":{"line":219,"column":27},"end":{"line":219,"column":43}},"68":{"start":{"line":220,"column":18},"end":{"line":220,"column":35}},"69":{"start":{"line":224,"column":19},"end":{"line":227,"column":null}},"70":{"start":{"line":225,"column":28},"end":{"line":225,"column":45}},"71":{"start":{"line":226,"column":18},"end":{"line":226,"column":35}},"72":{"start":{"line":230,"column":19},"end":{"line":233,"column":null}},"73":{"start":{"line":231,"column":29},"end":{"line":231,"column":47}},"74":{"start":{"line":232,"column":18},"end":{"line":232,"column":35}},"75":{"start":{"line":235,"column":1},"end":{"line":242,"column":null}}},"fnMap":{"0":{"name":"generateVisitorId","decl":{"start":{"line":23,"column":22},"end":{"line":23,"column":40}},"loc":{"start":{"line":23,"column":95},"end":{"line":66,"column":null}},"line":23},"1":{"name":"(anonymous_1)","decl":{"start":{"line":46,"column":8},"end":{"line":46,"column":9}},"loc":{"start":{"line":46,"column":15},"end":{"line":46,"column":46}},"line":46},"2":{"name":"(anonymous_2)","decl":{"start":{"line":62,"column":7},"end":{"line":62,"column":8}},"loc":{"start":{"line":62,"column":14},"end":{"line":62,"column":45}},"line":62},"3":{"name":"getDailyAggregate","decl":{"start":{"line":74,"column":22},"end":{"line":74,"column":null}},"loc":{"start":{"line":77,"column":27},"end":{"line":94,"column":null}},"line":77},"4":{"name":"updateDailyAggregate","decl":{"start":{"line":102,"column":22},"end":{"line":102,"column":null}},"loc":{"start":{"line":106,"column":17},"end":{"line":111,"column":null}},"line":106},"5":{"name":"cleanupOldData","decl":{"start":{"line":130,"column":22},"end":{"line":130,"column":37}},"loc":{"start":{"line":130,"column":90},"end":{"line":162,"column":null}},"line":130},"6":{"name":"aggregateMetrics","decl":{"start":{"line":169,"column":16},"end":{"line":169,"column":33}},"loc":{"start":{"line":169,"column":81},"end":{"line":243,"column":null}},"line":169},"7":{"name":"(anonymous_7)","decl":{"start":{"line":181,"column":59},"end":{"line":181,"column":60}},"loc":{"start":{"line":181,"column":75},"end":{"line":181,"column":88}},"line":181},"8":{"name":"(anonymous_8)","decl":{"start":{"line":188,"column":53},"end":{"line":188,"column":54}},"loc":{"start":{"line":188,"column":69},"end":{"line":188,"column":82}},"line":188},"9":{"name":"(anonymous_9)","decl":{"start":{"line":215,"column":19},"end":{"line":215,"column":20}},"loc":{"start":{"line":215,"column":29},"end":{"line":215,"column":57}},"line":215},"10":{"name":"(anonymous_10)","decl":{"start":{"line":219,"column":7},"end":{"line":219,"column":8}},"loc":{"start":{"line":219,"column":27},"end":{"line":219,"column":43}},"line":219},"11":{"name":"(anonymous_11)","decl":{"start":{"line":220,"column":8},"end":{"line":220,"column":9}},"loc":{"start":{"line":220,"column":18},"end":{"line":220,"column":35}},"line":220},"12":{"name":"(anonymous_12)","decl":{"start":{"line":225,"column":7},"end":{"line":225,"column":8}},"loc":{"start":{"line":225,"column":28},"end":{"line":225,"column":45}},"line":225},"13":{"name":"(anonymous_13)","decl":{"start":{"line":226,"column":8},"end":{"line":226,"column":9}},"loc":{"start":{"line":226,"column":18},"end":{"line":226,"column":35}},"line":226},"14":{"name":"(anonymous_14)","decl":{"start":{"line":231,"column":7},"end":{"line":231,"column":8}},"loc":{"start":{"line":231,"column":29},"end":{"line":231,"column":47}},"line":231},"15":{"name":"(anonymous_15)","decl":{"start":{"line":232,"column":8},"end":{"line":232,"column":9}},"loc":{"start":{"line":232,"column":18},"end":{"line":232,"column":35}},"line":232}},"branchMap":{"0":{"loc":{"start":{"line":26,"column":2},"end":{"line":28,"column":null}},"type":"binary-expr","locations":[{"start":{"line":26,"column":2},"end":{"line":26,"column":null}},{"start":{"line":27,"column":2},"end":{"line":27,"column":null}},{"start":{"line":28,"column":2},"end":{"line":28,"column":null}}],"line":26},"1":{"loc":{"start":{"line":31,"column":19},"end":{"line":31,"column":null}},"type":"binary-expr","locations":[{"start":{"line":31,"column":19},"end":{"line":31,"column":56}},{"start":{"line":31,"column":56},"end":{"line":31,"column":null}}],"line":31},"2":{"loc":{"start":{"line":41,"column":1},"end":{"line":53,"column":null}},"type":"if","locations":[{"start":{"line":41,"column":1},"end":{"line":53,"column":null}},{"start":{},"end":{}}],"line":41},"3":{"loc":{"start":{"line":81,"column":1},"end":{"line":83,"column":null}},"type":"if","locations":[{"start":{"line":81,"column":1},"end":{"line":83,"column":null}},{"start":{},"end":{}}],"line":81},"4":{"loc":{"start":{"line":143,"column":2},"end":{"line":146,"column":null}},"type":"if","locations":[{"start":{"line":143,"column":2},"end":{"line":146,"column":null}},{"start":{},"end":{}}],"line":143},"5":{"loc":{"start":{"line":154,"column":2},"end":{"line":157,"column":null}},"type":"if","locations":[{"start":{"line":154,"column":2},"end":{"line":157,"column":null}},{"start":{},"end":{}}],"line":154},"6":{"loc":{"start":{"line":200,"column":21},"end":{"line":200,"column":44}},"type":"binary-expr","locations":[{"start":{"line":200,"column":21},"end":{"line":200,"column":39}},{"start":{"line":200,"column":39},"end":{"line":200,"column":44}}],"line":200},"7":{"loc":{"start":{"line":205,"column":23},"end":{"line":205,"column":48}},"type":"binary-expr","locations":[{"start":{"line":205,"column":23},"end":{"line":205,"column":43}},{"start":{"line":205,"column":43},"end":{"line":205,"column":48}}],"line":205},"8":{"loc":{"start":{"line":210,"column":29},"end":{"line":210,"column":60}},"type":"binary-expr","locations":[{"start":{"line":210,"column":29},"end":{"line":210,"column":55}},{"start":{"line":210,"column":55},"end":{"line":210,"column":60}}],"line":210}},"s":{"0":0,"1":0,"2":0,"3":0,"4":0,"5":0,"6":0,"7":0,"8":0,"9":0,"10":0,"11":0,"12":0,"13":0,"14":0,"15":0,"16":0,"17":0,"18":0,"19":2,"20":2,"21":2,"22":1,"23":1,"24":1,"25":1,"26":4,"27":4,"28":4,"29":4,"30":4,"31":4,"32":4,"33":4,"34":3,"35":3,"36":4,"37":4,"38":3,"39":3,"40":2,"41":2,"42":4,"43":4,"44":8,"45":8,"46":8,"47":8,"48":8,"49":8,"50":8,"51":12,"52":23,"53":12,"54":12,"55":12,"56":16,"57":12,"58":12,"59":23,"60":12,"61":16,"62":12,"63":3,"64":8,"65":6,"66":8,"67":21,"68":17,"69":8,"70":15,"71":12,"72":8,"73":3,"74":2,"75":8},"f":{"0":0,"1":0,"2":0,"3":2,"4":1,"5":4,"6":8,"7":23,"8":16,"9":6,"10":21,"11":17,"12":15,"13":12,"14":3,"15":2},"b":{"0":[0,0,0],"1":[0,0],"2":[0,0],"3":[1,1],"4":[3,1],"5":[2,1],"6":[23,21],"7":[16,15],"8":[3,3]},"meta":{"lastBranch":9,"lastFunction":16,"lastStatement":76,"seen":{"f:23:22:23:40":0,"s:26:2:28:Infinity":0,"b:26:2:26:Infinity:27:2:27:Infinity:28:2:28:Infinity":0,"s:31:19:31:Infinity":1,"b:31:19:31:56:31:56:31:Infinity":1,"s:34:7:34:Infinity":2,"s:37:7:37:Infinity":3,"s:38:17:38:Infinity":4,"s:39:27:39:Infinity":5,"b:41:1:53:Infinity:undefined:undefined:undefined:undefined":2,"s:41:1:53:Infinity":6,"s:43:20:43:Infinity":7,"s:44:2:44:Infinity":8,"s:45:2:47:Infinity":9,"f:46:8:46:9":1,"s:46:15:46:46":10,"s:50:2:52:Infinity":11,"s:57:17:57:Infinity":12,"s:58:14:58:Infinity":13,"s:59:20:59:Infinity":14,"s:60:19:60:Infinity":15,"s:61:17:63:Infinity":16,"f:62:7:62:8":2,"s:62:14:62:45":17,"s:65:1:65:Infinity":18,"f:74:22:74:Infinity":3,"s:78:13:78:Infinity":19,"s:79:18:79:Infinity":20,"b:81:1:83:Infinity:undefined:undefined:undefined:undefined":3,"s:81:1:83:Infinity":21,"s:82:2:82:Infinity":22,"s:86:1:93:Infinity":23,"f:102:22:102:Infinity":4,"s:107:13:107:Infinity":24,"s:108:1:110:Infinity":25,"f:130:22:130:37":5,"s:132:20:132:Infinity":26,"s:133:1:133:Infinity":27,"s:134:16:134:Infinity":28,"s:136:20:136:Infinity":29,"s:139:20:139:Infinity":30,"s:140:1:147:Infinity":31,"s:142:18:142:Infinity":32,"b:143:2:146:Infinity:undefined:undefined:undefined:undefined":4,"s:143:2:146:Infinity":33,"s:144:3:144:Infinity":34,"s:145:3:145:Infinity":35,"s:150:19:150:Infinity":36,"s:151:1:158:Infinity":37,"s:153:18:153:Infinity":38,"b:154:2:157:Infinity:undefined:undefined:undefined:undefined":5,"s:154:2:157:Infinity":39,"s:155:3:155:Infinity":40,"s:156:3:156:Infinity":41,"s:160:1:160:Infinity":42,"s:161:1:161:Infinity":43,"f:169:16:169:33":6,"s:170:22:170:Infinity":44,"s:171:27:171:Infinity":45,"s:173:2:173:Infinity":46,"s:174:42:174:Infinity":47,"s:175:43:175:Infinity":48,"s:176:46:176:Infinity":49,"s:179:1:212:Infinity":50,"s:181:23:181:Infinity":51,"f:181:59:181:60":7,"s:181:75:181:88":52,"s:182:2:182:Infinity":53,"s:185:2:185:Infinity":54,"s:188:20:188:Infinity":55,"f:188:53:188:54":8,"s:188:69:188:82":56,"s:191:2:196:Infinity":57,"s:199:2:201:Infinity":58,"s:200:3:200:Infinity":59,"b:200:21:200:39:200:39:200:44":6,"s:204:2:206:Infinity":60,"s:205:3:205:Infinity":61,"b:205:23:205:43:205:43:205:48":7,"s:209:2:211:Infinity":62,"s:210:3:210:Infinity":63,"b:210:29:210:55:210:55:210:60":8,"s:215:1:215:Infinity":64,"f:215:19:215:20":9,"s:215:29:215:57":65,"s:218:18:221:Infinity":66,"f:219:7:219:8":10,"s:219:27:219:43":67,"f:220:8:220:9":11,"s:220:18:220:35":68,"s:224:19:227:Infinity":69,"f:225:7:225:8":12,"s:225:28:225:45":70,"f:226:8:226:9":13,"s:226:18:226:35":71,"s:230:19:233:Infinity":72,"f:231:7:231:8":14,"s:231:29:231:47":73,"f:232:8:232:9":15,"s:232:18:232:35":74,"s:235:1:242:Infinity":75}}}
,"/Users/annon/projects/GTD/netlify/functions/feedback-query.mts": {"path":"/Users/annon/projects/GTD/netlify/functions/feedback-query.mts","statementMap":{"0":{"start":{"line":11,"column":1},"end":{"line":20,"column":null}},"1":{"start":{"line":12,"column":2},"end":{"line":19,"column":null}},"2":{"start":{"line":23,"column":1},"end":{"line":31,"column":null}},"3":{"start":{"line":24,"column":2},"end":{"line":30,"column":null}},"4":{"start":{"line":33,"column":1},"end":{"line":164,"column":null}},"5":{"start":{"line":35,"column":28},"end":{"line":35,"column":null}},"6":{"start":{"line":36,"column":2},"end":{"line":44,"column":null}},"7":{"start":{"line":37,"column":3},"end":{"line":43,"column":null}},"8":{"start":{"line":47,"column":21},"end":{"line":47,"column":null}},"9":{"start":{"line":48,"column":2},"end":{"line":57,"column":null}},"10":{"start":{"line":49,"column":3},"end":{"line":56,"column":null}},"11":{"start":{"line":60,"column":28},"end":{"line":60,"column":null}},"12":{"start":{"line":61,"column":22},"end":{"line":61,"column":null}},"13":{"start":{"line":62,"column":31},"end":{"line":62,"column":null}},"14":{"start":{"line":64,"column":2},"end":{"line":73,"column":null}},"15":{"start":{"line":65,"column":3},"end":{"line":72,"column":null}},"16":{"start":{"line":76,"column":14},"end":{"line":76,"column":null}},"17":{"start":{"line":77,"column":13},"end":{"line":77,"column":null}},"18":{"start":{"line":78,"column":17},"end":{"line":78,"column":null}},"19":{"start":{"line":79,"column":15},"end":{"line":79,"column":null}},"20":{"start":{"line":80,"column":28},"end":{"line":80,"column":null}},"21":{"start":{"line":82,"column":8},"end":{"line":82,"column":null}},"22":{"start":{"line":85,"column":2},"end":{"line":110,"column":null}},"23":{"start":{"line":86,"column":16},"end":{"line":86,"column":null}},"24":{"start":{"line":88,"column":3},"end":{"line":96,"column":null}},"25":{"start":{"line":89,"column":4},"end":{"line":95,"column":null}},"26":{"start":{"line":98,"column":20},"end":{"line":98,"column":null}},"27":{"start":{"line":99,"column":3},"end":{"line":101,"column":null}},"28":{"start":{"line":100,"column":4},"end":{"line":100,"column":null}},"29":{"start":{"line":103,"column":3},"end":{"line":109,"column":null}},"30":{"start":{"line":113,"column":17},"end":{"line":113,"column":null}},"31":{"start":{"line":116,"column":16},"end":{"line":118,"column":null}},"32":{"start":{"line":117,"column":30},"end":{"line":117,"column":67}},"33":{"start":{"line":121,"column":22},"end":{"line":121,"column":null}},"34":{"start":{"line":122,"column":2},"end":{"line":124,"column":null}},"35":{"start":{"line":123,"column":3},"end":{"line":123,"column":null}},"36":{"start":{"line":123,"column":55},"end":{"line":123,"column":77}},"37":{"start":{"line":127,"column":2},"end":{"line":129,"column":null}},"38":{"start":{"line":128,"column":3},"end":{"line":128,"column":null}},"39":{"start":{"line":128,"column":55},"end":{"line":128,"column":73}},"40":{"start":{"line":132,"column":2},"end":{"line":134,"column":null}},"41":{"start":{"line":133,"column":3},"end":{"line":133,"column":null}},"42":{"start":{"line":136,"column":2},"end":{"line":149,"column":null}},"43":{"start":{"line":151,"column":2},"end":{"line":151,"column":null}},"44":{"start":{"line":152,"column":2},"end":{"line":163,"column":null}}},"fnMap":{"0":{"name":"(anonymous_0)","decl":{"start":{"line":9,"column":15},"end":{"line":9,"column":22}},"loc":{"start":{"line":9,"column":57},"end":{"line":165,"column":null}},"line":9},"1":{"name":"(anonymous_1)","decl":{"start":{"line":117,"column":20},"end":{"line":117,"column":21}},"loc":{"start":{"line":117,"column":30},"end":{"line":117,"column":67}},"line":117},"2":{"name":"(anonymous_2)","decl":{"start":{"line":123,"column":40},"end":{"line":123,"column":41}},"loc":{"start":{"line":123,"column":55},"end":{"line":123,"column":77}},"line":123},"3":{"name":"(anonymous_3)","decl":{"start":{"line":128,"column":40},"end":{"line":128,"column":41}},"loc":{"start":{"line":128,"column":55},"end":{"line":128,"column":73}},"line":128},"4":{"name":"(anonymous_4)","decl":{"start":{"line":132,"column":21},"end":{"line":132,"column":22}},"loc":{"start":{"line":132,"column":41},"end":{"line":134,"column":3}},"line":132}},"branchMap":{"0":{"loc":{"start":{"line":11,"column":1},"end":{"line":20,"column":null}},"type":"if","locations":[{"start":{"line":11,"column":1},"end":{"line":20,"column":null}},{"start":{},"end":{}}],"line":11},"1":{"loc":{"start":{"line":23,"column":1},"end":{"line":31,"column":null}},"type":"if","locations":[{"start":{"line":23,"column":1},"end":{"line":31,"column":null}},{"start":{},"end":{}}],"line":23},"2":{"loc":{"start":{"line":36,"column":2},"end":{"line":44,"column":null}},"type":"if","locations":[{"start":{"line":36,"column":2},"end":{"line":44,"column":null}},{"start":{},"end":{}}],"line":36},"3":{"loc":{"start":{"line":48,"column":2},"end":{"line":57,"column":null}},"type":"if","locations":[{"start":{"line":48,"column":2},"end":{"line":57,"column":null}},{"start":{},"end":{}}],"line":48},"4":{"loc":{"start":{"line":48,"column":6},"end":{"line":48,"column":55}},"type":"binary-expr","locations":[{"start":{"line":48,"column":6},"end":{"line":48,"column":21}},{"start":{"line":48,"column":21},"end":{"line":48,"column":55}}],"line":48},"5":{"loc":{"start":{"line":64,"column":2},"end":{"line":73,"column":null}},"type":"if","locations":[{"start":{"line":64,"column":2},"end":{"line":73,"column":null}},{"start":{},"end":{}}],"line":64},"6":{"loc":{"start":{"line":85,"column":2},"end":{"line":110,"column":null}},"type":"if","locations":[{"start":{"line":85,"column":2},"end":{"line":110,"column":null}},{"start":{},"end":{}}],"line":85},"7":{"loc":{"start":{"line":88,"column":3},"end":{"line":96,"column":null}},"type":"if","locations":[{"start":{"line":88,"column":3},"end":{"line":96,"column":null}},{"start":{},"end":{}}],"line":88},"8":{"loc":{"start":{"line":99,"column":3},"end":{"line":101,"column":null}},"type":"if","locations":[{"start":{"line":99,"column":3},"end":{"line":101,"column":null}},{"start":{},"end":{}}],"line":99},"9":{"loc":{"start":{"line":99,"column":7},"end":{"line":99,"column":57}},"type":"binary-expr","locations":[{"start":{"line":99,"column":7},"end":{"line":99,"column":29}},{"start":{"line":99,"column":29},"end":{"line":99,"column":57}}],"line":99},"10":{"loc":{"start":{"line":122,"column":2},"end":{"line":124,"column":null}},"type":"if","locations":[{"start":{"line":122,"column":2},"end":{"line":124,"column":null}},{"start":{},"end":{}}],"line":122},"11":{"loc":{"start":{"line":127,"column":2},"end":{"line":129,"column":null}},"type":"if","locations":[{"start":{"line":127,"column":2},"end":{"line":129,"column":null}},{"start":{},"end":{}}],"line":127}},"s":{"0":14,"1":1,"2":13,"3":1,"4":12,"5":12,"6":12,"7":1,"8":11,"9":11,"10":1,"11":10,"12":10,"13":10,"14":10,"15":1,"16":9,"17":9,"18":9,"19":9,"20":9,"21":9,"22":9,"23":3,"24":3,"25":1,"26":2,"27":2,"28":1,"29":2,"30":6,"31":6,"32":15,"33":6,"34":6,"35":1,"36":3,"37":6,"38":1,"39":3,"40":6,"41":11,"42":6,"43":0,"44":0},"f":{"0":14,"1":15,"2":3,"3":3,"4":11},"b":{"0":[1,13],"1":[1,12],"2":[1,11],"3":[1,10],"4":[11,10],"5":[1,9],"6":[3,6],"7":[1,2],"8":[1,1],"9":[2,1],"10":[1,5],"11":[1,5]},"meta":{"lastBranch":12,"lastFunction":5,"lastStatement":45,"seen":{"f:9:15:9:22":0,"b:11:1:20:Infinity:undefined:undefined:undefined:undefined":0,"s:11:1:20:Infinity":0,"s:12:2:19:Infinity":1,"b:23:1:31:Infinity:undefined:undefined:undefined:undefined":1,"s:23:1:31:Infinity":2,"s:24:2:30:Infinity":3,"s:33:1:164:Infinity":4,"s:35:28:35:Infinity":5,"b:36:2:44:Infinity:undefined:undefined:undefined:undefined":2,"s:36:2:44:Infinity":6,"s:37:3:43:Infinity":7,"s:47:21:47:Infinity":8,"b:48:2:57:Infinity:undefined:undefined:undefined:undefined":3,"s:48:2:57:Infinity":9,"b:48:6:48:21:48:21:48:55":4,"s:49:3:56:Infinity":10,"s:60:28:60:Infinity":11,"s:61:22:61:Infinity":12,"s:62:31:62:Infinity":13,"b:64:2:73:Infinity:undefined:undefined:undefined:undefined":5,"s:64:2:73:Infinity":14,"s:65:3:72:Infinity":15,"s:76:14:76:Infinity":16,"s:77:13:77:Infinity":17,"s:78:17:78:Infinity":18,"s:79:15:79:Infinity":19,"s:80:28:80:Infinity":20,"s:82:8:82:Infinity":21,"b:85:2:110:Infinity:undefined:undefined:undefined:undefined":6,"s:85:2:110:Infinity":22,"s:86:16:86:Infinity":23,"b:88:3:96:Infinity:undefined:undefined:undefined:undefined":7,"s:88:3:96:Infinity":24,"s:89:4:95:Infinity":25,"s:98:20:98:Infinity":26,"b:99:3:101:Infinity:undefined:undefined:undefined:undefined":8,"s:99:3:101:Infinity":27,"b:99:7:99:29:99:29:99:57":9,"s:100:4:100:Infinity":28,"s:103:3:109:Infinity":29,"s:113:17:113:Infinity":30,"s:116:16:118:Infinity":31,"f:117:20:117:21":1,"s:117:30:117:67":32,"s:121:22:121:Infinity":33,"b:122:2:124:Infinity:undefined:undefined:undefined:undefined":10,"s:122:2:124:Infinity":34,"s:123:3:123:Infinity":35,"f:123:40:123:41":2,"s:123:55:123:77":36,"b:127:2:129:Infinity:undefined:undefined:undefined:undefined":11,"s:127:2:129:Infinity":37,"s:128:3:128:Infinity":38,"f:128:40:128:41":3,"s:128:55:128:73":39,"s:132:2:134:Infinity":40,"f:132:21:132:22":4,"s:133:3:133:Infinity":41,"s:136:2:149:Infinity":42,"s:151:2:151:Infinity":43,"s:152:2:163:Infinity":44}}}
,"/Users/annon/projects/GTD/netlify/functions/feedback-submit.mts": {"path":"/Users/annon/projects/GTD/netlify/functions/feedback-submit.mts","statementMap":{"0":{"start":{"line":11,"column":1},"end":{"line":20,"column":null}},"1":{"start":{"line":12,"column":2},"end":{"line":19,"column":null}},"2":{"start":{"line":23,"column":1},"end":{"line":31,"column":null}},"3":{"start":{"line":24,"column":2},"end":{"line":30,"column":null}},"4":{"start":{"line":33,"column":1},"end":{"line":130,"column":null}},"5":{"start":{"line":35,"column":15},"end":{"line":35,"column":null}},"6":{"start":{"line":36,"column":61},"end":{"line":36,"column":null}},"7":{"start":{"line":39,"column":2},"end":{"line":47,"column":null}},"8":{"start":{"line":40,"column":3},"end":{"line":46,"column":null}},"9":{"start":{"line":50,"column":2},"end":{"line":58,"column":null}},"10":{"start":{"line":51,"column":3},"end":{"line":57,"column":null}},"11":{"start":{"line":61,"column":2},"end":{"line":72,"column":null}},"12":{"start":{"line":62,"column":3},"end":{"line":71,"column":null}},"13":{"start":{"line":75,"column":8},"end":{"line":75,"column":null}},"14":{"start":{"line":76,"column":17},"end":{"line":76,"column":null}},"15":{"start":{"line":77,"column":13},"end":{"line":77,"column":null}},"16":{"start":{"line":80,"column":23},"end":{"line":89,"column":null}},"17":{"start":{"line":92,"column":8},"end":{"line":92,"column":null}},"18":{"start":{"line":95,"column":2},"end":{"line":102,"column":null}},"19":{"start":{"line":105,"column":2},"end":{"line":107,"column":null}},"20":{"start":{"line":106,"column":3},"end":{"line":106,"column":null}},"21":{"start":{"line":109,"column":2},"end":{"line":115,"column":null}},"22":{"start":{"line":117,"column":2},"end":{"line":117,"column":null}},"23":{"start":{"line":118,"column":2},"end":{"line":129,"column":null}}},"fnMap":{"0":{"name":"(anonymous_0)","decl":{"start":{"line":9,"column":15},"end":{"line":9,"column":22}},"loc":{"start":{"line":9,"column":57},"end":{"line":131,"column":null}},"line":9}},"branchMap":{"0":{"loc":{"start":{"line":11,"column":1},"end":{"line":20,"column":null}},"type":"if","locations":[{"start":{"line":11,"column":1},"end":{"line":20,"column":null}},{"start":{},"end":{}}],"line":11},"1":{"loc":{"start":{"line":23,"column":1},"end":{"line":31,"column":null}},"type":"if","locations":[{"start":{"line":23,"column":1},"end":{"line":31,"column":null}},{"start":{},"end":{}}],"line":23},"2":{"loc":{"start":{"line":39,"column":2},"end":{"line":47,"column":null}},"type":"if","locations":[{"start":{"line":39,"column":2},"end":{"line":47,"column":null}},{"start":{},"end":{}}],"line":39},"3":{"loc":{"start":{"line":50,"column":2},"end":{"line":58,"column":null}},"type":"if","locations":[{"start":{"line":50,"column":2},"end":{"line":58,"column":null}},{"start":{},"end":{}}],"line":50},"4":{"loc":{"start":{"line":50,"column":6},"end":{"line":50,"column":55}},"type":"binary-expr","locations":[{"start":{"line":50,"column":6},"end":{"line":50,"column":16}},{"start":{"line":50,"column":16},"end":{"line":50,"column":34}},{"start":{"line":50,"column":34},"end":{"line":50,"column":55}}],"line":50},"5":{"loc":{"start":{"line":61,"column":2},"end":{"line":72,"column":null}},"type":"if","locations":[{"start":{"line":61,"column":2},"end":{"line":72,"column":null}},{"start":{},"end":{}}],"line":61},"6":{"loc":{"start":{"line":61,"column":6},"end":{"line":61,"column":82}},"type":"binary-expr","locations":[{"start":{"line":61,"column":6},"end":{"line":61,"column":22}},{"start":{"line":61,"column":22},"end":{"line":61,"column":57}},{"start":{"line":61,"column":57},"end":{"line":61,"column":82}}],"line":61},"7":{"loc":{"start":{"line":84,"column":10},"end":{"line":84,"column":null}},"type":"binary-expr","locations":[{"start":{"line":84,"column":10},"end":{"line":84,"column":19}},{"start":{"line":84,"column":19},"end":{"line":84,"column":null}}],"line":84},"8":{"loc":{"start":{"line":88,"column":14},"end":{"line":88,"column":null}},"type":"binary-expr","locations":[{"start":{"line":88,"column":14},"end":{"line":88,"column":47}},{"start":{"line":88,"column":47},"end":{"line":88,"column":null}}],"line":88},"9":{"loc":{"start":{"line":99,"column":19},"end":{"line":99,"column":null}},"type":"cond-expr","locations":[{"start":{"line":99,"column":32},"end":{"line":99,"column":41}},{"start":{"line":99,"column":41},"end":{"line":99,"column":null}}],"line":99},"10":{"loc":{"start":{"line":105,"column":2},"end":{"line":107,"column":null}},"type":"if","locations":[{"start":{"line":105,"column":2},"end":{"line":107,"column":null}},{"start":{},"end":{}}],"line":105}},"s":{"0":26,"1":1,"2":25,"3":3,"4":22,"5":22,"6":22,"7":22,"8":2,"9":20,"10":3,"11":17,"12":3,"13":14,"14":14,"15":14,"16":14,"17":26,"18":26,"19":12,"20":2,"21":12,"22":2,"23":2},"f":{"0":26},"b":{"0":[1,25],"1":[3,22],"2":[2,20],"3":[3,17],"4":[20,19,3],"5":[3,14],"6":[17,16,15],"7":[14,13],"8":[26,13],"9":[2,12],"10":[2,10]},"meta":{"lastBranch":11,"lastFunction":1,"lastStatement":24,"seen":{"f:9:15:9:22":0,"b:11:1:20:Infinity:undefined:undefined:undefined:undefined":0,"s:11:1:20:Infinity":0,"s:12:2:19:Infinity":1,"b:23:1:31:Infinity:undefined:undefined:undefined:undefined":1,"s:23:1:31:Infinity":2,"s:24:2:30:Infinity":3,"s:33:1:130:Infinity":4,"s:35:15:35:Infinity":5,"s:36:61:36:Infinity":6,"b:39:2:47:Infinity:undefined:undefined:undefined:undefined":2,"s:39:2:47:Infinity":7,"s:40:3:46:Infinity":8,"b:50:2:58:Infinity:undefined:undefined:undefined:undefined":3,"s:50:2:58:Infinity":9,"b:50:6:50:16:50:16:50:34:50:34:50:55":4,"s:51:3:57:Infinity":10,"b:61:2:72:Infinity:undefined:undefined:undefined:undefined":5,"s:61:2:72:Infinity":11,"b:61:6:61:22:61:22:61:57:61:57:61:82":6,"s:62:3:71:Infinity":12,"s:75:8:75:Infinity":13,"s:76:17:76:Infinity":14,"s:77:13:77:Infinity":15,"s:80:23:89:Infinity":16,"b:84:10:84:19:84:19:84:Infinity":7,"b:88:14:88:47:88:47:88:Infinity":8,"s:92:8:92:Infinity":17,"s:95:2:102:Infinity":18,"b:99:32:99:41:99:41:99:Infinity":9,"b:105:2:107:Infinity:undefined:undefined:undefined:undefined":10,"s:105:2:107:Infinity":19,"s:106:3:106:Infinity":20,"s:109:2:115:Infinity":21,"s:117:2:117:Infinity":22,"s:118:2:129:Infinity":23}}}
,"/Users/annon/projects/GTD/netlify/functions/feedback-update.mts": {"path":"/Users/annon/projects/GTD/netlify/functions/feedback-update.mts","statementMap":{"0":{"start":{"line":11,"column":1},"end":{"line":20,"column":null}},"1":{"start":{"line":12,"column":2},"end":{"line":19,"column":null}},"2":{"start":{"line":23,"column":1},"end":{"line":31,"column":null}},"3":{"start":{"line":24,"column":2},"end":{"line":30,"column":null}},"4":{"start":{"line":33,"column":1},"end":{"line":147,"column":null}},"5":{"start":{"line":35,"column":28},"end":{"line":35,"column":null}},"6":{"start":{"line":36,"column":2},"end":{"line":44,"column":null}},"7":{"start":{"line":37,"column":3},"end":{"line":43,"column":null}},"8":{"start":{"line":47,"column":21},"end":{"line":47,"column":null}},"9":{"start":{"line":48,"column":2},"end":{"line":57,"column":null}},"10":{"start":{"line":49,"column":3},"end":{"line":56,"column":null}},"11":{"start":{"line":60,"column":28},"end":{"line":60,"column":null}},"12":{"start":{"line":61,"column":22},"end":{"line":61,"column":null}},"13":{"start":{"line":62,"column":31},"end":{"line":62,"column":null}},"14":{"start":{"line":64,"column":2},"end":{"line":73,"column":null}},"15":{"start":{"line":65,"column":3},"end":{"line":72,"column":null}},"16":{"start":{"line":76,"column":15},"end":{"line":76,"column":null}},"17":{"start":{"line":77,"column":32},"end":{"line":77,"column":null}},"18":{"start":{"line":80,"column":24},"end":{"line":80,"column":null}},"19":{"start":{"line":81,"column":2},"end":{"line":92,"column":null}},"20":{"start":{"line":82,"column":3},"end":{"line":91,"column":null}},"21":{"start":{"line":95,"column":8},"end":{"line":95,"column":null}},"22":{"start":{"line":96,"column":19},"end":{"line":96,"column":null}},"23":{"start":{"line":98,"column":2},"end":{"line":106,"column":null}},"24":{"start":{"line":99,"column":3},"end":{"line":105,"column":null}},"25":{"start":{"line":109,"column":18},"end":{"line":114,"column":null}},"26":{"start":{"line":117,"column":2},"end":{"line":124,"column":null}},"27":{"start":{"line":126,"column":2},"end":{"line":132,"column":null}},"28":{"start":{"line":134,"column":2},"end":{"line":134,"column":null}},"29":{"start":{"line":135,"column":2},"end":{"line":146,"column":null}}},"fnMap":{"0":{"name":"(anonymous_0)","decl":{"start":{"line":9,"column":15},"end":{"line":9,"column":22}},"loc":{"start":{"line":9,"column":57},"end":{"line":148,"column":null}},"line":9}},"branchMap":{"0":{"loc":{"start":{"line":11,"column":1},"end":{"line":20,"column":null}},"type":"if","locations":[{"start":{"line":11,"column":1},"end":{"line":20,"column":null}},{"start":{},"end":{}}],"line":11},"1":{"loc":{"start":{"line":23,"column":1},"end":{"line":31,"column":null}},"type":"if","locations":[{"start":{"line":23,"column":1},"end":{"line":31,"column":null}},{"start":{},"end":{}}],"line":23},"2":{"loc":{"start":{"line":36,"column":2},"end":{"line":44,"column":null}},"type":"if","locations":[{"start":{"line":36,"column":2},"end":{"line":44,"column":null}},{"start":{},"end":{}}],"line":36},"3":{"loc":{"start":{"line":48,"column":2},"end":{"line":57,"column":null}},"type":"if","locations":[{"start":{"line":48,"column":2},"end":{"line":57,"column":null}},{"start":{},"end":{}}],"line":48},"4":{"loc":{"start":{"line":48,"column":6},"end":{"line":48,"column":55}},"type":"binary-expr","locations":[{"start":{"line":48,"column":6},"end":{"line":48,"column":21}},{"start":{"line":48,"column":21},"end":{"line":48,"column":55}}],"line":48},"5":{"loc":{"start":{"line":64,"column":2},"end":{"line":73,"column":null}},"type":"if","locations":[{"start":{"line":64,"column":2},"end":{"line":73,"column":null}},{"start":{},"end":{}}],"line":64},"6":{"loc":{"start":{"line":81,"column":2},"end":{"line":92,"column":null}},"type":"if","locations":[{"start":{"line":81,"column":2},"end":{"line":92,"column":null}},{"start":{},"end":{}}],"line":81},"7":{"loc":{"start":{"line":81,"column":6},"end":{"line":81,"column":50}},"type":"binary-expr","locations":[{"start":{"line":81,"column":6},"end":{"line":81,"column":17}},{"start":{"line":81,"column":17},"end":{"line":81,"column":50}}],"line":81},"8":{"loc":{"start":{"line":98,"column":2},"end":{"line":106,"column":null}},"type":"if","locations":[{"start":{"line":98,"column":2},"end":{"line":106,"column":null}},{"start":{},"end":{}}],"line":98},"9":{"loc":{"start":{"line":112,"column":10},"end":{"line":112,"column":null}},"type":"cond-expr","locations":[{"start":{"line":112,"column":32},"end":{"line":112,"column":40}},{"start":{"line":112,"column":40},"end":{"line":112,"column":null}}],"line":112},"10":{"loc":{"start":{"line":121,"column":19},"end":{"line":121,"column":null}},"type":"cond-expr","locations":[{"start":{"line":121,"column":43},"end":{"line":121,"column":52}},{"start":{"line":121,"column":52},"end":{"line":121,"column":null}}],"line":121}},"s":{"0":15,"1":1,"2":14,"3":2,"4":12,"5":12,"6":12,"7":1,"8":11,"9":11,"10":1,"11":10,"12":10,"13":10,"14":10,"15":1,"16":9,"17":9,"18":9,"19":9,"20":2,"21":7,"22":7,"23":7,"24":1,"25":6,"26":15,"27":6,"28":0,"29":0},"f":{"0":15},"b":{"0":[1,14],"1":[2,12],"2":[1,11],"3":[1,10],"4":[11,10],"5":[1,9],"6":[2,7],"7":[9,8],"8":[1,6],"9":[1,5],"10":[0,6]},"meta":{"lastBranch":11,"lastFunction":1,"lastStatement":30,"seen":{"f:9:15:9:22":0,"b:11:1:20:Infinity:undefined:undefined:undefined:undefined":0,"s:11:1:20:Infinity":0,"s:12:2:19:Infinity":1,"b:23:1:31:Infinity:undefined:undefined:undefined:undefined":1,"s:23:1:31:Infinity":2,"s:24:2:30:Infinity":3,"s:33:1:147:Infinity":4,"s:35:28:35:Infinity":5,"b:36:2:44:Infinity:undefined:undefined:undefined:undefined":2,"s:36:2:44:Infinity":6,"s:37:3:43:Infinity":7,"s:47:21:47:Infinity":8,"b:48:2:57:Infinity:undefined:undefined:undefined:undefined":3,"s:48:2:57:Infinity":9,"b:48:6:48:21:48:21:48:55":4,"s:49:3:56:Infinity":10,"s:60:28:60:Infinity":11,"s:61:22:61:Infinity":12,"s:62:31:62:Infinity":13,"b:64:2:73:Infinity:undefined:undefined:undefined:undefined":5,"s:64:2:73:Infinity":14,"s:65:3:72:Infinity":15,"s:76:15:76:Infinity":16,"s:77:32:77:Infinity":17,"s:80:24:80:Infinity":18,"b:81:2:92:Infinity:undefined:undefined:undefined:undefined":6,"s:81:2:92:Infinity":19,"b:81:6:81:17:81:17:81:50":7,"s:82:3:91:Infinity":20,"s:95:8:95:Infinity":21,"s:96:19:96:Infinity":22,"b:98:2:106:Infinity:undefined:undefined:undefined:undefined":8,"s:98:2:106:Infinity":23,"s:99:3:105:Infinity":24,"s:109:18:114:Infinity":25,"b:112:32:112:40:112:40:112:Infinity":9,"s:117:2:124:Infinity":26,"b:121:43:121:52:121:52:121:Infinity":10,"s:126:2:132:Infinity":27,"s:134:2:134:Infinity":28,"s:135:2:146:Infinity":29}}}
,"/Users/annon/projects/GTD/netlify/functions/sync-check.mts": {"path":"/Users/annon/projects/GTD/netlify/functions/sync-check.mts","statementMap":{"0":{"start":{"line":6,"column":2},"end":{"line":11,"column":null}},"1":{"start":{"line":7,"column":4},"end":{"line":10,"column":null}},"2":{"start":{"line":13,"column":2},"end":{"line":56,"column":null}},"3":{"start":{"line":14,"column":16},"end":{"line":14,"column":null}},"4":{"start":{"line":15,"column":21},"end":{"line":15,"column":null}},"5":{"start":{"line":18,"column":4},"end":{"line":23,"column":null}},"6":{"start":{"line":19,"column":6},"end":{"line":22,"column":null}},"7":{"start":{"line":26,"column":4},"end":{"line":31,"column":null}},"8":{"start":{"line":27,"column":6},"end":{"line":30,"column":null}},"9":{"start":{"line":34,"column":10},"end":{"line":34,"column":null}},"10":{"start":{"line":35,"column":17},"end":{"line":35,"column":null}},"11":{"start":{"line":37,"column":4},"end":{"line":42,"column":null}},"12":{"start":{"line":38,"column":6},"end":{"line":41,"column":null}},"13":{"start":{"line":44,"column":4},"end":{"line":47,"column":null}},"14":{"start":{"line":49,"column":4},"end":{"line":49,"column":null}},"15":{"start":{"line":50,"column":4},"end":{"line":55,"column":null}}},"fnMap":{"0":{"name":"(anonymous_0)","decl":{"start":{"line":4,"column":15},"end":{"line":4,"column":22}},"loc":{"start":{"line":4,"column":57},"end":{"line":57,"column":null}},"line":4}},"branchMap":{"0":{"loc":{"start":{"line":6,"column":2},"end":{"line":11,"column":null}},"type":"if","locations":[{"start":{"line":6,"column":2},"end":{"line":11,"column":null}},{"start":{},"end":{}}],"line":6},"1":{"loc":{"start":{"line":18,"column":4},"end":{"line":23,"column":null}},"type":"if","locations":[{"start":{"line":18,"column":4},"end":{"line":23,"column":null}},{"start":{},"end":{}}],"line":18},"2":{"loc":{"start":{"line":18,"column":8},"end":{"line":18,"column":51}},"type":"binary-expr","locations":[{"start":{"line":18,"column":8},"end":{"line":18,"column":21}},{"start":{"line":18,"column":21},"end":{"line":18,"column":51}}],"line":18},"3":{"loc":{"start":{"line":26,"column":4},"end":{"line":31,"column":null}},"type":"if","locations":[{"start":{"line":26,"column":4},"end":{"line":31,"column":null}},{"start":{},"end":{}}],"line":26},"4":{"loc":{"start":{"line":37,"column":4},"end":{"line":42,"column":null}},"type":"if","locations":[{"start":{"line":37,"column":4},"end":{"line":42,"column":null}},{"start":{},"end":{}}],"line":37}},"s":{"0":9,"1":1,"2":8,"3":8,"4":8,"5":8,"6":2,"7":6,"8":2,"9":4,"10":4,"11":3,"12":2,"13":1,"14":1,"15":1},"f":{"0":9},"b":{"0":[1,8],"1":[2,6],"2":[8,6],"3":[2,4],"4":[2,1]},"meta":{"lastBranch":5,"lastFunction":1,"lastStatement":16,"seen":{"f:4:15:4:22":0,"b:6:2:11:Infinity:undefined:undefined:undefined:undefined":0,"s:6:2:11:Infinity":0,"s:7:4:10:Infinity":1,"s:13:2:56:Infinity":2,"s:14:16:14:Infinity":3,"s:15:21:15:Infinity":4,"b:18:4:23:Infinity:undefined:undefined:undefined:undefined":1,"s:18:4:23:Infinity":5,"b:18:8:18:21:18:21:18:51":2,"s:19:6:22:Infinity":6,"b:26:4:31:Infinity:undefined:undefined:undefined:undefined":3,"s:26:4:31:Infinity":7,"s:27:6:30:Infinity":8,"s:34:10:34:Infinity":9,"s:35:17:35:Infinity":10,"b:37:4:42:Infinity:undefined:undefined:undefined:undefined":4,"s:37:4:42:Infinity":11,"s:38:6:41:Infinity":12,"s:44:4:47:Infinity":13,"s:49:4:49:Infinity":14,"s:50:4:55:Infinity":15}}}
,"/Users/annon/projects/GTD/netlify/functions/sync-pull.mts": {"path":"/Users/annon/projects/GTD/netlify/functions/sync-pull.mts","statementMap":{"0":{"start":{"line":6,"column":2},"end":{"line":11,"column":null}},"1":{"start":{"line":7,"column":4},"end":{"line":10,"column":null}},"2":{"start":{"line":13,"column":2},"end":{"line":63,"column":null}},"3":{"start":{"line":14,"column":16},"end":{"line":14,"column":null}},"4":{"start":{"line":15,"column":21},"end":{"line":15,"column":null}},"5":{"start":{"line":18,"column":4},"end":{"line":23,"column":null}},"6":{"start":{"line":19,"column":6},"end":{"line":22,"column":null}},"7":{"start":{"line":26,"column":4},"end":{"line":31,"column":null}},"8":{"start":{"line":27,"column":6},"end":{"line":30,"column":null}},"9":{"start":{"line":34,"column":10},"end":{"line":34,"column":null}},"10":{"start":{"line":35,"column":26},"end":{"line":35,"column":null}},"11":{"start":{"line":37,"column":4},"end":{"line":45,"column":null}},"12":{"start":{"line":38,"column":6},"end":{"line":44,"column":null}},"13":{"start":{"line":47,"column":4},"end":{"line":54,"column":null}},"14":{"start":{"line":56,"column":4},"end":{"line":56,"column":null}},"15":{"start":{"line":57,"column":4},"end":{"line":62,"column":null}}},"fnMap":{"0":{"name":"(anonymous_0)","decl":{"start":{"line":4,"column":15},"end":{"line":4,"column":22}},"loc":{"start":{"line":4,"column":57},"end":{"line":64,"column":null}},"line":4}},"branchMap":{"0":{"loc":{"start":{"line":6,"column":2},"end":{"line":11,"column":null}},"type":"if","locations":[{"start":{"line":6,"column":2},"end":{"line":11,"column":null}},{"start":{},"end":{}}],"line":6},"1":{"loc":{"start":{"line":18,"column":4},"end":{"line":23,"column":null}},"type":"if","locations":[{"start":{"line":18,"column":4},"end":{"line":23,"column":null}},{"start":{},"end":{}}],"line":18},"2":{"loc":{"start":{"line":18,"column":8},"end":{"line":18,"column":51}},"type":"binary-expr","locations":[{"start":{"line":18,"column":8},"end":{"line":18,"column":21}},{"start":{"line":18,"column":21},"end":{"line":18,"column":51}}],"line":18},"3":{"loc":{"start":{"line":26,"column":4},"end":{"line":31,"column":null}},"type":"if","locations":[{"start":{"line":26,"column":4},"end":{"line":31,"column":null}},{"start":{},"end":{}}],"line":26},"4":{"loc":{"start":{"line":37,"column":4},"end":{"line":45,"column":null}},"type":"if","locations":[{"start":{"line":37,"column":4},"end":{"line":45,"column":null}},{"start":{},"end":{}}],"line":37}},"s":{"0":9,"1":1,"2":8,"3":8,"4":8,"5":8,"6":2,"7":6,"8":2,"9":4,"10":4,"11":3,"12":2,"13":1,"14":1,"15":1},"f":{"0":9},"b":{"0":[1,8],"1":[2,6],"2":[8,6],"3":[2,4],"4":[2,1]},"meta":{"lastBranch":5,"lastFunction":1,"lastStatement":16,"seen":{"f:4:15:4:22":0,"b:6:2:11:Infinity:undefined:undefined:undefined:undefined":0,"s:6:2:11:Infinity":0,"s:7:4:10:Infinity":1,"s:13:2:63:Infinity":2,"s:14:16:14:Infinity":3,"s:15:21:15:Infinity":4,"b:18:4:23:Infinity:undefined:undefined:undefined:undefined":1,"s:18:4:23:Infinity":5,"b:18:8:18:21:18:21:18:51":2,"s:19:6:22:Infinity":6,"b:26:4:31:Infinity:undefined:undefined:undefined:undefined":3,"s:26:4:31:Infinity":7,"s:27:6:30:Infinity":8,"s:34:10:34:Infinity":9,"s:35:26:35:Infinity":10,"b:37:4:45:Infinity:undefined:undefined:undefined:undefined":4,"s:37:4:45:Infinity":11,"s:38:6:44:Infinity":12,"s:47:4:54:Infinity":13,"s:56:4:56:Infinity":14,"s:57:4:62:Infinity":15}}}
,"/Users/annon/projects/GTD/netlify/functions/sync-push.mts": {"path":"/Users/annon/projects/GTD/netlify/functions/sync-push.mts","statementMap":{"0":{"start":{"line":6,"column":2},"end":{"line":11,"column":null}},"1":{"start":{"line":7,"column":4},"end":{"line":10,"column":null}},"2":{"start":{"line":13,"column":2},"end":{"line":64,"column":null}},"3":{"start":{"line":14,"column":17},"end":{"line":14,"column":null}},"4":{"start":{"line":15,"column":53},"end":{"line":15,"column":null}},"5":{"start":{"line":18,"column":4},"end":{"line":23,"column":null}},"6":{"start":{"line":19,"column":6},"end":{"line":22,"column":null}},"7":{"start":{"line":25,"column":4},"end":{"line":30,"column":null}},"8":{"start":{"line":26,"column":6},"end":{"line":29,"column":null}},"9":{"start":{"line":33,"column":4},"end":{"line":38,"column":null}},"10":{"start":{"line":34,"column":6},"end":{"line":37,"column":null}},"11":{"start":{"line":41,"column":10},"end":{"line":41,"column":null}},"12":{"start":{"line":42,"column":4},"end":{"line":42,"column":null}},"13":{"start":{"line":45,"column":4},"end":{"line":47,"column":null}},"14":{"start":{"line":46,"column":6},"end":{"line":46,"column":null}},"15":{"start":{"line":49,"column":4},"end":{"line":55,"column":null}},"16":{"start":{"line":57,"column":4},"end":{"line":57,"column":null}},"17":{"start":{"line":58,"column":4},"end":{"line":63,"column":null}}},"fnMap":{"0":{"name":"(anonymous_0)","decl":{"start":{"line":4,"column":15},"end":{"line":4,"column":22}},"loc":{"start":{"line":4,"column":57},"end":{"line":65,"column":null}},"line":4}},"branchMap":{"0":{"loc":{"start":{"line":6,"column":2},"end":{"line":11,"column":null}},"type":"if","locations":[{"start":{"line":6,"column":2},"end":{"line":11,"column":null}},{"start":{},"end":{}}],"line":6},"1":{"loc":{"start":{"line":18,"column":4},"end":{"line":23,"column":null}},"type":"if","locations":[{"start":{"line":18,"column":4},"end":{"line":23,"column":null}},{"start":{},"end":{}}],"line":18},"2":{"loc":{"start":{"line":18,"column":8},"end":{"line":18,"column":51}},"type":"binary-expr","locations":[{"start":{"line":18,"column":8},"end":{"line":18,"column":21}},{"start":{"line":18,"column":21},"end":{"line":18,"column":51}}],"line":18},"3":{"loc":{"start":{"line":25,"column":4},"end":{"line":30,"column":null}},"type":"if","locations":[{"start":{"line":25,"column":4},"end":{"line":30,"column":null}},{"start":{},"end":{}}],"line":25},"4":{"loc":{"start":{"line":25,"column":8},"end":{"line":25,"column":61}},"type":"binary-expr","locations":[{"start":{"line":25,"column":8},"end":{"line":25,"column":26}},{"start":{"line":25,"column":26},"end":{"line":25,"column":61}}],"line":25},"5":{"loc":{"start":{"line":33,"column":4},"end":{"line":38,"column":null}},"type":"if","locations":[{"start":{"line":33,"column":4},"end":{"line":38,"column":null}},{"start":{},"end":{}}],"line":33},"6":{"loc":{"start":{"line":45,"column":4},"end":{"line":47,"column":null}},"type":"if","locations":[{"start":{"line":45,"column":4},"end":{"line":47,"column":null}},{"start":{},"end":{}}],"line":45},"7":{"loc":{"start":{"line":45,"column":8},"end":{"line":45,"column":56}},"type":"binary-expr","locations":[{"start":{"line":45,"column":8},"end":{"line":45,"column":23}},{"start":{"line":45,"column":23},"end":{"line":45,"column":56}}],"line":45}},"s":{"0":11,"1":2,"2":9,"3":9,"4":9,"5":9,"6":2,"7":7,"8":1,"9":6,"10":1,"11":5,"12":5,"13":4,"14":1,"15":4,"16":1,"17":1},"f":{"0":11},"b":{"0":[2,9],"1":[2,7],"2":[9,8],"3":[1,6],"4":[7,6],"5":[1,5],"6":[1,3],"7":[4,1]},"meta":{"lastBranch":8,"lastFunction":1,"lastStatement":18,"seen":{"f:4:15:4:22":0,"b:6:2:11:Infinity:undefined:undefined:undefined:undefined":0,"s:6:2:11:Infinity":0,"s:7:4:10:Infinity":1,"s:13:2:64:Infinity":2,"s:14:17:14:Infinity":3,"s:15:53:15:Infinity":4,"b:18:4:23:Infinity:undefined:undefined:undefined:undefined":1,"s:18:4:23:Infinity":5,"b:18:8:18:21:18:21:18:51":2,"s:19:6:22:Infinity":6,"b:25:4:30:Infinity:undefined:undefined:undefined:undefined":3,"s:25:4:30:Infinity":7,"b:25:8:25:26:25:26:25:61":4,"s:26:6:29:Infinity":8,"b:33:4:38:Infinity:undefined:undefined:undefined:undefined":5,"s:33:4:38:Infinity":9,"s:34:6:37:Infinity":10,"s:41:10:41:Infinity":11,"s:42:4:42:Infinity":12,"b:45:4:47:Infinity:undefined:undefined:undefined:undefined":6,"s:45:4:47:Infinity":13,"b:45:8:45:23:45:23:45:56":7,"s:46:6:46:Infinity":14,"s:49:4:55:Infinity":15,"s:57:4:57:Infinity":16,"s:58:4:63:Infinity":17}}}
}
