{"/Users/annon/projects/GTD/src/lib/components/ActionItem.svelte": {"path":"/Users/annon/projects/GTD/src/lib/components/ActionItem.svelte","statementMap":{"0":{"start":{"line":20,"column":17},"end":{"line":20,"column":null}},"1":{"start":{"line":21,"column":14},"end":{"line":21,"column":null}},"2":{"start":{"line":22,"column":14},"end":{"line":22,"column":null}},"3":{"start":{"line":25,"column":16},"end":{"line":25,"column":null}},"4":{"start":{"line":26,"column":16},"end":{"line":26,"column":null}},"5":{"start":{"line":27,"column":25},"end":{"line":27,"column":27}},"6":{"start":{"line":30,"column":1},"end":{"line":32,"column":null}},"7":{"start":{"line":31,"column":2},"end":{"line":31,"column":null}},"8":{"start":{"line":35,"column":2},"end":{"line":35,"column":null}},"9":{"start":{"line":37,"column":18},"end":{"line":37,"column":null}},"10":{"start":{"line":41,"column":7},"end":{"line":46,"column":null}},"11":{"start":{"line":43,"column":3},"end":{"line":43,"column":null}},"12":{"start":{"line":44,"column":3},"end":{"line":44,"column":null}},"13":{"start":{"line":48,"column":6},"end":{"line":50,"column":null}},"14":{"start":{"line":49,"column":9},"end":{"line":49,"column":null}},"15":{"start":{"line":51,"column":2},"end":{"line":51,"column":null}},"16":{"start":{"line":55,"column":6},"end":{"line":60,"column":null}},"17":{"start":{"line":56,"column":3},"end":{"line":56,"column":null}},"18":{"start":{"line":57,"column":3},"end":{"line":60,"column":null}},"19":{"start":{"line":58,"column":3},"end":{"line":58,"column":null}},"20":{"start":{"line":59,"column":3},"end":{"line":59,"column":null}},"21":{"start":{"line":64,"column":2},"end":{"line":64,"column":null}},"22":{"start":{"line":65,"column":2},"end":{"line":65,"column":null}},"23":{"start":{"line":69,"column":7},"end":{"line":71,"column":null}},"24":{"start":{"line":70,"column":17},"end":{"line":70,"column":null}},"25":{"start":{"line":75,"column":2},"end":{"line":75,"column":null}},"26":{"start":{"line":79,"column":2},"end":{"line":79,"column":null}},"27":{"start":{"line":85,"column":7},"end":{"line":85,"column":null}},"28":{"start":{"line":85,"column":27},"end":{"line":85,"column":null}},"29":{"start":{"line":86,"column":2},"end":{"line":86,"column":null}},"30":{"start":{"line":87,"column":2},"end":{"line":87,"column":null}},"31":{"start":{"line":91,"column":7},"end":{"line":95,"column":null}},"32":{"start":{"line":92,"column":3},"end":{"line":92,"column":null}},"33":{"start":{"line":93,"column":3},"end":{"line":93,"column":null}},"34":{"start":{"line":97,"column":6},"end":{"line":103,"column":null}},"35":{"start":{"line":99,"column":3},"end":{"line":99,"column":null}},"36":{"start":{"line":100,"column":3},"end":{"line":103,"column":null}},"37":{"start":{"line":102,"column":3},"end":{"line":102,"column":null}},"38":{"start":{"line":104,"column":2},"end":{"line":104,"column":null}},"39":{"start":{"line":105,"column":2},"end":{"line":105,"column":null}},"40":{"start":{"line":108,"column":20},"end":{"line":108,"column":null}},"41":{"start":{"line":108,"column":36},"end":{"line":108,"column":84}},"42":{"start":{"line":112,"column":5},"end":{"line":112,"column":null}},"43":{"start":{"line":112,"column":2},"end":{"line":112,"column":null}},"44":{"start":{"line":114,"column":7},"end":{"line":114,"column":null}},"45":{"start":{"line":114,"column":42},"end":{"line":114,"column":null}},"46":{"start":{"line":130,"column":3},"end":{"line":130,"column":null}},"47":{"start":{"line":137,"column":15},"end":{"line":142,"column":4}},"48":{"start":{"line":138,"column":8},"end":{"line":141,"column":null}},"49":{"start":{"line":139,"column":5},"end":{"line":139,"column":null}},"50":{"start":{"line":140,"column":5},"end":{"line":140,"column":null}},"51":{"start":{"line":130,"column":3},"end":{"line":134,"column":null}},"52":{"start":{"line":145,"column":3},"end":{"line":130,"column":null}},"53":{"start":{"line":145,"column":3},"end":{"line":149,"column":null}},"54":{"start":{"line":151,"column":4},"end":{"line":145,"column":null}},"55":{"start":{"line":151,"column":4},"end":{"line":151,"column":null}},"56":{"start":{"line":151,"column":4},"end":{"line":154,"column":null}},"57":{"start":{"line":154,"column":12},"end":{"line":154,"column":null}},"58":{"start":{"line":145,"column":3},"end":{"line":145,"column":null}},"59":{"start":{"line":160,"column":3},"end":{"line":145,"column":null}},"60":{"start":{"line":160,"column":3},"end":{"line":164,"column":null}},"61":{"start":{"line":162,"column":4},"end":{"line":162,"column":null}},"62":{"start":{"line":163,"column":4},"end":{"line":163,"column":null}},"63":{"start":{"line":172,"column":6},"end":{"line":160,"column":null}},"64":{"start":{"line":172,"column":3},"end":{"line":172,"column":null}},"65":{"start":{"line":175,"column":5},"end":{"line":175,"column":null}},"66":{"start":{"line":175,"column":5},"end":{"line":178,"column":null}},"67":{"start":{"line":175,"column":5},"end":{"line":179,"column":null}},"68":{"start":{"line":179,"column":21},"end":{"line":179,"column":null}},"69":{"start":{"line":175,"column":5},"end":{"line":177,"column":null}},"70":{"start":{"line":176,"column":17},"end":{"line":176,"column":null}},"71":{"start":{"line":184,"column":5},"end":{"line":184,"column":null}},"72":{"start":{"line":184,"column":5},"end":{"line":185,"column":null}},"73":{"start":{"line":188,"column":11},"end":{"line":188,"column":null}},"74":{"start":{"line":174,"column":8},"end":{"line":174,"column":null}},"75":{"start":{"line":174,"column":17},"end":{"line":174,"column":null}},"76":{"start":{"line":193,"column":7},"end":{"line":193,"column":55}},"77":{"start":{"line":193,"column":4},"end":{"line":193,"column":null}},"78":{"start":{"line":193,"column":71},"end":{"line":193,"column":null}},"79":{"start":{"line":193,"column":4},"end":{"line":193,"column":55}},"80":{"start":{"line":196,"column":10},"end":{"line":196,"column":null}},"81":{"start":{"line":196,"column":6},"end":{"line":196,"column":null}},"82":{"start":{"line":197,"column":12},"end":{"line":197,"column":null}},"83":{"start":{"line":195,"column":14},"end":{"line":195,"column":null}},"84":{"start":{"line":195,"column":21},"end":{"line":195,"column":null}},"85":{"start":{"line":203,"column":6},"end":{"line":203,"column":null}},"86":{"start":{"line":203,"column":6},"end":{"line":204,"column":null}},"87":{"start":{"line":202,"column":14},"end":{"line":202,"column":null}},"88":{"start":{"line":202,"column":23},"end":{"line":202,"column":null}},"89":{"start":{"line":212,"column":9},"end":{"line":212,"column":null}},"90":{"start":{"line":212,"column":5},"end":{"line":212,"column":null}},"91":{"start":{"line":213,"column":6},"end":{"line":213,"column":null}},"92":{"start":{"line":221,"column":2},"end":{"line":221,"column":null}},"93":{"start":{"line":227,"column":6},"end":{"line":221,"column":null}},"94":{"start":{"line":228,"column":6},"end":{"line":227,"column":null}},"95":{"start":{"line":228,"column":4},"end":{"line":228,"column":null}},"96":{"start":{"line":227,"column":3},"end":{"line":227,"column":null}},"97":{"start":{"line":229,"column":10},"end":{"line":229,"column":null}},"98":{"start":{"line":221,"column":2},"end":{"line":223,"column":null}},"99":{"start":{"line":111,"column":6},"end":{"line":111,"column":null}},"100":{"start":{"line":111,"column":18},"end":{"line":111,"column":null}}},"fnMap":{"0":{"name":"ActionItem","decl":{"start":{"line":1,"column":0},"end":{"line":1,"column":1}},"loc":{"start":{"line":1,"column":0},"end":{"line":109,"column":null}},"line":1},"1":{"name":"(anonymous_1)","decl":{"start":{"line":30,"column":8},"end":{"line":30,"column":15}},"loc":{"start":{"line":30,"column":15},"end":{"line":32,"column":2}},"line":30},"2":{"name":"handleComplete","decl":{"start":{"line":34,"column":16},"end":{"line":34,"column":30}},"loc":{"start":{"line":34,"column":33},"end":{"line":38,"column":null}},"line":34},"3":{"name":"handleSaveTitle","decl":{"start":{"line":40,"column":16},"end":{"line":40,"column":31}},"loc":{"start":{"line":40,"column":34},"end":{"line":52,"column":null}},"line":40},"4":{"name":"handleTitleKeydown","decl":{"start":{"line":54,"column":10},"end":{"line":54,"column":28}},"loc":{"start":{"line":54,"column":47},"end":{"line":61,"column":null}},"line":54},"5":{"name":"handleTitleClick","decl":{"start":{"line":63,"column":10},"end":{"line":63,"column":26}},"loc":{"start":{"line":63,"column":42},"end":{"line":66,"column":null}},"line":63},"6":{"name":"handleRowClick","decl":{"start":{"line":68,"column":10},"end":{"line":68,"column":24}},"loc":{"start":{"line":68,"column":27},"end":{"line":72,"column":null}},"line":68},"7":{"name":"handleCheckboxClick","decl":{"start":{"line":74,"column":10},"end":{"line":74,"column":29}},"loc":{"start":{"line":74,"column":45},"end":{"line":76,"column":null}},"line":74},"8":{"name":"handleBadgeClick","decl":{"start":{"line":78,"column":10},"end":{"line":78,"column":26}},"loc":{"start":{"line":78,"column":42},"end":{"line":81,"column":null}},"line":78},"9":{"name":"handlePan","decl":{"start":{"line":84,"column":10},"end":{"line":84,"column":19}},"loc":{"start":{"line":84,"column":43},"end":{"line":88,"column":null}},"line":84},"10":{"name":"handlePanUp","decl":{"start":{"line":90,"column":10},"end":{"line":90,"column":21}},"loc":{"start":{"line":90,"column":49},"end":{"line":106,"column":null}},"line":90},"11":{"name":"(anonymous_11)","decl":{"start":{"line":108,"column":36},"end":{"line":108,"column":47}},"loc":{"start":{"line":108,"column":36},"end":{"line":108,"column":84}},"line":108},"12":{"name":"(anonymous_12)","decl":{"start":{"line":137,"column":15},"end":{"line":137,"column":31}},"loc":{"start":{"line":137,"column":36},"end":{"line":142,"column":4}},"line":137},"13":{"name":"(anonymous_13)","decl":{"start":{"line":130,"column":3},"end":{"line":130,"column":null}},"loc":{"start":{"line":130,"column":3},"end":{"line":134,"column":null}},"line":130},"14":{"name":"(anonymous_14)","decl":{"start":{"line":154,"column":12},"end":{"line":154,"column":40}},"loc":{"start":{"line":154,"column":12},"end":{"line":154,"column":null}},"line":154},"15":{"name":"(anonymous_15)","decl":{"start":{"line":161,"column":10},"end":{"line":161,"column":13}},"loc":{"start":{"line":161,"column":19},"end":{"line":164,"column":4}},"line":161},"16":{"name":"(anonymous_16)","decl":{"start":{"line":179,"column":12},"end":{"line":179,"column":15}},"loc":{"start":{"line":179,"column":21},"end":{"line":179,"column":null}},"line":179},"17":{"name":"get","decl":{"start":{"line":176,"column":5},"end":{"line":176,"column":15}},"loc":{"start":{"line":176,"column":15},"end":{"line":176,"column":null}},"line":176},"18":{"name":"(anonymous_18)","decl":{"start":{"line":188,"column":11},"end":{"line":188,"column":16}},"loc":{"start":{"line":188,"column":11},"end":{"line":188,"column":null}},"line":188},"19":{"name":"(anonymous_19)","decl":{"start":{"line":193,"column":62},"end":{"line":193,"column":65}},"loc":{"start":{"line":193,"column":71},"end":{"line":193,"column":null}},"line":193},"20":{"name":"(anonymous_20)","decl":{"start":{"line":197,"column":12},"end":{"line":197,"column":19}},"loc":{"start":{"line":197,"column":12},"end":{"line":197,"column":null}},"line":197},"21":{"name":"(anonymous_21)","decl":{"start":{"line":213,"column":6},"end":{"line":213,"column":24}},"loc":{"start":{"line":213,"column":6},"end":{"line":213,"column":null}},"line":213},"22":{"name":"(anonymous_22)","decl":{"start":{"line":229,"column":10},"end":{"line":229,"column":15}},"loc":{"start":{"line":229,"column":10},"end":{"line":229,"column":null}},"line":229},"23":{"name":"(anonymous_23)","decl":{"start":{"line":221,"column":2},"end":{"line":221,"column":null}},"loc":{"start":{"line":221,"column":2},"end":{"line":221,"column":null}},"line":221}},"branchMap":{"0":{"loc":{"start":{"line":41,"column":7},"end":{"line":46,"column":null}},"type":"if","locations":[{"start":{"line":41,"column":7},"end":{"line":46,"column":null}},{"start":{},"end":{}}],"line":41},"1":{"loc":{"start":{"line":48,"column":6},"end":{"line":50,"column":null}},"type":"if","locations":[{"start":{"line":48,"column":6},"end":{"line":50,"column":null}},{"start":{},"end":{}}],"line":48},"2":{"loc":{"start":{"line":55,"column":6},"end":{"line":60,"column":null}},"type":"if","locations":[{"start":{"line":55,"column":6},"end":{"line":60,"column":null}},{"start":{"line":57,"column":3},"end":{"line":60,"column":null}}],"line":55},"3":{"loc":{"start":{"line":57,"column":3},"end":{"line":60,"column":null}},"type":"if","locations":[{"start":{"line":57,"column":3},"end":{"line":60,"column":null}},{"start":{},"end":{}}],"line":57},"4":{"loc":{"start":{"line":69,"column":7},"end":{"line":71,"column":null}},"type":"if","locations":[{"start":{"line":69,"column":7},"end":{"line":71,"column":null}},{"start":{},"end":{}}],"line":69},"5":{"loc":{"start":{"line":85,"column":7},"end":{"line":85,"column":null}},"type":"if","locations":[{"start":{"line":85,"column":7},"end":{"line":85,"column":null}},{"start":{},"end":{}}],"line":85},"6":{"loc":{"start":{"line":91,"column":7},"end":{"line":95,"column":null}},"type":"if","locations":[{"start":{"line":91,"column":7},"end":{"line":95,"column":null}},{"start":{},"end":{}}],"line":91},"7":{"loc":{"start":{"line":97,"column":6},"end":{"line":103,"column":null}},"type":"if","locations":[{"start":{"line":97,"column":6},"end":{"line":103,"column":null}},{"start":{"line":100,"column":3},"end":{"line":103,"column":null}}],"line":97},"8":{"loc":{"start":{"line":100,"column":3},"end":{"line":103,"column":null}},"type":"if","locations":[{"start":{"line":100,"column":3},"end":{"line":103,"column":null}},{"start":{},"end":{}}],"line":100},"9":{"loc":{"start":{"line":114,"column":7},"end":{"line":114,"column":null}},"type":"if","locations":[{"start":{"line":114,"column":7},"end":{"line":114,"column":null}},{"start":{},"end":{}}],"line":114},"10":{"loc":{"start":{"line":114,"column":7},"end":{"line":114,"column":42}},"type":"binary-expr","locations":[{"start":{"line":114,"column":7},"end":{"line":114,"column":22}},{"start":{"line":114,"column":22},"end":{"line":114,"column":42}}],"line":114},"11":{"loc":{"start":{"line":138,"column":8},"end":{"line":141,"column":null}},"type":"if","locations":[{"start":{"line":138,"column":8},"end":{"line":141,"column":null}},{"start":{},"end":{}}],"line":138},"12":{"loc":{"start":{"line":138,"column":8},"end":{"line":138,"column":44}},"type":"binary-expr","locations":[{"start":{"line":138,"column":8},"end":{"line":138,"column":29}},{"start":{"line":138,"column":25},"end":{"line":138,"column":44}}],"line":138},"13":{"loc":{"start":{"line":132,"column":33},"end":{"line":132,"column":90}},"type":"binary-expr","locations":[{"start":{"line":132,"column":33},"end":{"line":132,"column":71}},{"start":{"line":132,"column":71},"end":{"line":132,"column":90}}],"line":132},"14":{"loc":{"start":{"line":132,"column":33},"end":{"line":132,"column":71}},"type":"cond-expr","locations":[{"start":{"line":132,"column":53},"end":{"line":132,"column":70}},{"start":{"line":132,"column":70},"end":{"line":132,"column":71}}],"line":132},"15":{"loc":{"start":{"line":132,"column":71},"end":{"line":132,"column":138}},"type":"cond-expr","locations":[{"start":{"line":132,"column":104},"end":{"line":132,"column":110}},{"start":{"line":132,"column":113},"end":{"line":132,"column":138}}],"line":132},"16":{"loc":{"start":{"line":174,"column":8},"end":{"line":174,"column":null}},"type":"if","locations":[{"start":{"line":174,"column":8},"end":{"line":174,"column":null}},{"start":{"line":174,"column":17},"end":{"line":174,"column":null}}],"line":174},"17":{"loc":{"start":{"line":195,"column":14},"end":{"line":195,"column":null}},"type":"if","locations":[{"start":{"line":195,"column":14},"end":{"line":195,"column":null}},{"start":{},"end":{}}],"line":195},"18":{"loc":{"start":{"line":202,"column":14},"end":{"line":202,"column":null}},"type":"if","locations":[{"start":{"line":202,"column":14},"end":{"line":202,"column":null}},{"start":{},"end":{}}],"line":202},"19":{"loc":{"start":{"line":111,"column":6},"end":{"line":111,"column":null}},"type":"if","locations":[{"start":{"line":111,"column":6},"end":{"line":111,"column":null}},{"start":{"line":111,"column":18},"end":{"line":111,"column":null}}],"line":111}},"s":{"0":6,"1":6,"2":6,"3":6,"4":6,"5":6,"6":6,"7":6,"8":0,"9":0,"10":0,"11":0,"12":0,"13":0,"14":0,"15":0,"16":0,"17":0,"18":0,"19":0,"20":0,"21":0,"22":0,"23":0,"24":0,"25":0,"26":0,"27":0,"28":0,"29":0,"30":0,"31":0,"32":0,"33":0,"34":0,"35":0,"36":0,"37":0,"38":0,"39":0,"40":6,"41":0,"42":6,"43":6,"44":6,"45":0,"46":6,"47":6,"48":0,"49":0,"50":0,"51":6,"52":6,"53":6,"54":6,"55":6,"56":6,"57":0,"58":6,"59":6,"60":6,"61":0,"62":0,"63":6,"64":6,"65":0,"66":0,"67":0,"68":0,"69":0,"70":0,"71":6,"72":6,"73":6,"74":6,"75":6,"76":6,"77":6,"78":0,"79":6,"80":1,"81":1,"82":1,"83":6,"84":1,"85":1,"86":1,"87":6,"88":1,"89":6,"90":6,"91":6,"92":0,"93":0,"94":0,"95":0,"96":0,"97":0,"98":0,"99":6,"100":0},"f":{"0":6,"1":6,"2":0,"3":0,"4":0,"5":0,"6":0,"7":0,"8":0,"9":0,"10":0,"11":0,"12":0,"13":6,"14":0,"15":0,"16":0,"17":0,"18":6,"19":0,"20":1,"21":6,"22":0,"23":0},"b":{"0":[0,0],"1":[0,0],"2":[0,0],"3":[0,0],"4":[0,0],"5":[0,0],"6":[0,0],"7":[0,0],"8":[0,0],"9":[0,6],"10":[6,0],"11":[0,0],"12":[0,0],"13":[6,0],"14":[0,6],"15":[0,6],"16":[0,6],"17":[1,5],"18":[1,5],"19":[6,0]},"meta":{"lastBranch":20,"lastFunction":24,"lastStatement":101,"seen":{"f:1:0:1:1":0,"s:20:17:20:Infinity":0,"s:21:14:21:Infinity":1,"s:22:14:22:Infinity":2,"s:25:16:25:Infinity":3,"s:26:16:26:Infinity":4,"s:27:25:27:27":5,"s:30:1:32:Infinity":6,"f:30:8:30:15":1,"s:31:2:31:Infinity":7,"f:34:16:34:30":2,"s:35:2:35:Infinity":8,"s:37:18:37:Infinity":9,"f:40:16:40:31":3,"b:41:7:46:Infinity:undefined:undefined:undefined:undefined":0,"s:41:7:46:Infinity":10,"s:43:3:43:Infinity":11,"s:44:3:44:Infinity":12,"b:48:6:50:Infinity:undefined:undefined:undefined:undefined":1,"s:48:6:50:Infinity":13,"s:49:9:49:Infinity":14,"s:51:2:51:Infinity":15,"f:54:10:54:28":4,"b:55:6:60:Infinity:57:3:60:Infinity":2,"s:55:6:60:Infinity":16,"s:56:3:56:Infinity":17,"b:57:3:60:Infinity:undefined:undefined:undefined:undefined":3,"s:57:3:60:Infinity":18,"s:58:3:58:Infinity":19,"s:59:3:59:Infinity":20,"f:63:10:63:26":5,"s:64:2:64:Infinity":21,"s:65:2:65:Infinity":22,"f:68:10:68:24":6,"b:69:7:71:Infinity:undefined:undefined:undefined:undefined":4,"s:69:7:71:Infinity":23,"s:70:17:70:Infinity":24,"f:74:10:74:29":7,"s:75:2:75:Infinity":25,"f:78:10:78:26":8,"s:79:2:79:Infinity":26,"f:84:10:84:19":9,"b:85:7:85:Infinity:undefined:undefined:undefined:undefined":5,"s:85:7:85:Infinity":27,"s:85:27:85:Infinity":28,"s:86:2:86:Infinity":29,"s:87:2:87:Infinity":30,"f:90:10:90:21":10,"b:91:7:95:Infinity:undefined:undefined:undefined:undefined":6,"s:91:7:95:Infinity":31,"s:92:3:92:Infinity":32,"s:93:3:93:Infinity":33,"b:97:6:103:Infinity:100:3:103:Infinity":7,"s:97:6:103:Infinity":34,"s:99:3:99:Infinity":35,"b:100:3:103:Infinity:undefined:undefined:undefined:undefined":8,"s:100:3:103:Infinity":36,"s:102:3:102:Infinity":37,"s:104:2:104:Infinity":38,"s:105:2:105:Infinity":39,"s:108:20:108:Infinity":40,"f:108:36:108:47":11,"s:108:36:108:84":41,"s:112:5:112:Infinity":42,"s:112:2:112:Infinity":43,"b:114:7:114:Infinity:undefined:undefined:undefined:undefined":9,"s:114:7:114:Infinity":44,"b:114:7:114:22:114:22:114:42":10,"s:114:42:114:Infinity":45,"s:130:3:130:Infinity":46,"s:137:15:142:4":47,"f:137:15:137:31":12,"b:138:8:141:Infinity:undefined:undefined:undefined:undefined":11,"s:138:8:141:Infinity":48,"b:138:8:138:29:138:25:138:44":12,"s:139:5:139:Infinity":49,"s:140:5:140:Infinity":50,"s:130:3:134:Infinity":51,"f:130:3:130:Infinity":13,"b:132:33:132:71:132:71:132:90":13,"b:132:53:132:70:132:70:132:71":14,"b:132:104:132:110:132:113:132:138":15,"s:145:3:130:Infinity":52,"s:145:3:149:Infinity":53,"s:151:4:145:Infinity":54,"s:151:4:151:Infinity":55,"s:151:4:154:Infinity":56,"f:154:12:154:40":14,"s:154:12:154:Infinity":57,"s:145:3:145:Infinity":58,"s:160:3:145:Infinity":59,"s:160:3:164:Infinity":60,"f:161:10:161:13":15,"s:162:4:162:Infinity":61,"s:163:4:163:Infinity":62,"s:172:6:160:Infinity":63,"s:172:3:172:Infinity":64,"s:175:5:175:Infinity":65,"s:175:5:178:Infinity":66,"s:175:5:179:Infinity":67,"f:179:12:179:15":16,"s:179:21:179:Infinity":68,"s:175:5:177:Infinity":69,"f:176:5:176:15":17,"s:176:17:176:Infinity":70,"s:184:5:184:Infinity":71,"s:184:5:185:Infinity":72,"s:188:11:188:Infinity":73,"f:188:11:188:16":18,"b:174:8:174:Infinity:174:17:174:Infinity":16,"s:174:8:174:Infinity":74,"s:174:17:174:Infinity":75,"s:193:7:193:55":76,"s:193:4:193:Infinity":77,"f:193:62:193:65":19,"s:193:71:193:Infinity":78,"s:193:4:193:55":79,"s:196:10:196:Infinity":80,"s:196:6:196:Infinity":81,"s:197:12:197:Infinity":82,"f:197:12:197:19":20,"b:195:14:195:Infinity:undefined:undefined:undefined:undefined":17,"s:195:14:195:Infinity":83,"s:195:21:195:Infinity":84,"s:203:6:203:Infinity":85,"s:203:6:204:Infinity":86,"b:202:14:202:Infinity:undefined:undefined:undefined:undefined":18,"s:202:14:202:Infinity":87,"s:202:23:202:Infinity":88,"s:212:9:212:Infinity":89,"s:212:5:212:Infinity":90,"f:213:6:213:24":21,"s:213:6:213:Infinity":91,"s:221:2:221:Infinity":92,"s:227:6:221:Infinity":93,"s:228:6:227:Infinity":94,"s:228:4:228:Infinity":95,"s:227:3:227:Infinity":96,"s:229:10:229:Infinity":97,"f:229:10:229:15":22,"s:221:2:223:Infinity":98,"f:221:2:221:Infinity":23,"b:111:6:111:Infinity:111:18:111:Infinity":19,"s:111:6:111:Infinity":99,"s:111:18:111:Infinity":100}}}
,"/Users/annon/projects/GTD/src/lib/components/InboxCapture.svelte": {"path":"/Users/annon/projects/GTD/src/lib/components/InboxCapture.svelte","statementMap":{"0":{"start":{"line":8,"column":10},"end":{"line":8,"column":null}},"1":{"start":{"line":11,"column":1},"end":{"line":17,"column":null}},"2":{"start":{"line":13,"column":3},"end":{"line":13,"column":null}},"3":{"start":{"line":15,"column":2},"end":{"line":15,"column":null}},"4":{"start":{"line":16,"column":15},"end":{"line":16,"column":null}},"5":{"start":{"line":20,"column":2},"end":{"line":20,"column":null}},"6":{"start":{"line":22,"column":20},"end":{"line":22,"column":null}},"7":{"start":{"line":23,"column":7},"end":{"line":23,"column":null}},"8":{"start":{"line":23,"column":19},"end":{"line":23,"column":null}},"9":{"start":{"line":25,"column":6},"end":{"line":46,"column":null}},"10":{"start":{"line":27,"column":9},"end":{"line":30,"column":null}},"11":{"start":{"line":34,"column":3},"end":{"line":34,"column":null}},"12":{"start":{"line":37,"column":3},"end":{"line":37,"column":null}},"13":{"start":{"line":38,"column":3},"end":{"line":38,"column":null}},"14":{"start":{"line":41,"column":9},"end":{"line":41,"column":null}},"15":{"start":{"line":42,"column":3},"end":{"line":42,"column":null}},"16":{"start":{"line":43,"column":9},"end":{"line":43,"column":null}},"17":{"start":{"line":45,"column":3},"end":{"line":45,"column":null}},"18":{"start":{"line":50,"column":4},"end":{"line":50,"column":null}},"19":{"start":{"line":51,"column":6},"end":{"line":50,"column":null}},"20":{"start":{"line":52,"column":3},"end":{"line":51,"column":17}},"21":{"start":{"line":52,"column":3},"end":{"line":52,"column":null}},"22":{"start":{"line":52,"column":3},"end":{"line":53,"column":null}},"23":{"start":{"line":53,"column":14},"end":{"line":53,"column":null}},"24":{"start":{"line":53,"column":14},"end":{"line":53,"column":21}},"25":{"start":{"line":51,"column":2},"end":{"line":51,"column":17}},"26":{"start":{"line":50,"column":1},"end":{"line":50,"column":null}},"27":{"start":{"line":51,"column":2},"end":{"line":51,"column":null}},"28":{"start":{"line":54,"column":15},"end":{"line":54,"column":null}}},"fnMap":{"0":{"name":"InboxCapture","decl":{"start":{"line":1,"column":0},"end":{"line":1,"column":1}},"loc":{"start":{"line":1,"column":0},"end":{"line":48,"column":null}},"line":1},"1":{"name":"(anonymous_1)","decl":{"start":{"line":11,"column":8},"end":{"line":11,"column":15}},"loc":{"start":{"line":11,"column":15},"end":{"line":17,"column":2}},"line":11},"2":{"name":"handleFocusCapture","decl":{"start":{"line":12,"column":11},"end":{"line":12,"column":29}},"loc":{"start":{"line":12,"column":32},"end":{"line":14,"column":null}},"line":12},"3":{"name":"(anonymous_3)","decl":{"start":{"line":16,"column":15},"end":{"line":16,"column":21}},"loc":{"start":{"line":16,"column":15},"end":{"line":16,"column":null}},"line":16},"4":{"name":"handleSubmit","decl":{"start":{"line":19,"column":16},"end":{"line":19,"column":28}},"loc":{"start":{"line":19,"column":43},"end":{"line":47,"column":null}},"line":19},"5":{"name":"(anonymous_5)","decl":{"start":{"line":52,"column":3},"end":{"line":52,"column":null}},"loc":{"start":{"line":53,"column":14},"end":{"line":53,"column":null}},"line":53},"6":{"name":"(anonymous_6)","decl":{"start":{"line":53,"column":21},"end":{"line":53,"column":null}},"loc":{"start":{"line":53,"column":14},"end":{"line":53,"column":21}},"line":53},"7":{"name":"get","decl":{"start":{"line":54,"column":3},"end":{"line":54,"column":13}},"loc":{"start":{"line":54,"column":13},"end":{"line":54,"column":null}},"line":54}},"branchMap":{"0":{"loc":{"start":{"line":23,"column":7},"end":{"line":23,"column":null}},"type":"if","locations":[{"start":{"line":23,"column":7},"end":{"line":23,"column":null}},{"start":{},"end":{}}],"line":23}},"s":{"0":5,"1":5,"2":0,"3":5,"4":4,"5":0,"6":0,"7":0,"8":0,"9":0,"10":0,"11":0,"12":0,"13":0,"14":0,"15":0,"16":0,"17":0,"18":5,"19":5,"20":5,"21":5,"22":5,"23":9,"24":9,"25":5,"26":5,"27":5,"28":0},"f":{"0":5,"1":5,"2":0,"3":4,"4":0,"5":9,"6":9,"7":10},"b":{"0":[0,0]},"meta":{"lastBranch":1,"lastFunction":8,"lastStatement":29,"seen":{"f:1:0:1:1":0,"s:8:10:8:Infinity":0,"s:11:1:17:Infinity":1,"f:11:8:11:15":1,"f:12:11:12:29":2,"s:13:3:13:Infinity":2,"s:15:2:15:Infinity":3,"s:16:15:16:Infinity":4,"f:16:15:16:21":3,"f:19:16:19:28":4,"s:20:2:20:Infinity":5,"s:22:20:22:Infinity":6,"b:23:7:23:Infinity:undefined:undefined:undefined:undefined":0,"s:23:7:23:Infinity":7,"s:23:19:23:Infinity":8,"s:25:6:46:Infinity":9,"s:27:9:30:Infinity":10,"s:34:3:34:Infinity":11,"s:37:3:37:Infinity":12,"s:38:3:38:Infinity":13,"s:41:9:41:Infinity":14,"s:42:3:42:Infinity":15,"s:43:9:43:Infinity":16,"s:45:3:45:Infinity":17,"s:50:4:50:Infinity":18,"s:51:6:50:Infinity":19,"s:52:3:51:17":20,"s:52:3:52:Infinity":21,"s:52:3:53:Infinity":22,"f:52:3:52:Infinity":5,"s:53:14:53:Infinity":23,"f:53:21:53:Infinity":6,"s:53:14:53:21":24,"s:51:2:51:17":25,"s:50:1:50:Infinity":26,"s:51:2:51:Infinity":27,"f:54:3:54:13":7,"s:54:15:54:Infinity":28}}}
,"/Users/annon/projects/GTD/src/lib/components/ThemeToggle.svelte": {"path":"/Users/annon/projects/GTD/src/lib/components/ThemeToggle.svelte","statementMap":{"0":{"start":{"line":4,"column":90},"end":{"line":7,"column":null}},"1":{"start":{"line":11,"column":2},"end":{"line":11,"column":null}},"2":{"start":{"line":15,"column":4},"end":{"line":15,"column":null}},"3":{"start":{"line":19,"column":5},"end":{"line":15,"column":null}},"4":{"start":{"line":19,"column":2},"end":{"line":21,"column":null}},"5":{"start":{"line":20,"column":9},"end":{"line":20,"column":16}},"6":{"start":{"line":21,"column":4},"end":{"line":21,"column":null}},"7":{"start":{"line":21,"column":4},"end":{"line":22,"column":null}},"8":{"start":{"line":22,"column":19},"end":{"line":22,"column":null}},"9":{"start":{"line":30,"column":8},"end":{"line":21,"column":null}},"10":{"start":{"line":31,"column":10},"end":{"line":30,"column":null}},"11":{"start":{"line":30,"column":5},"end":{"line":30,"column":null}},"12":{"start":{"line":21,"column":4},"end":{"line":27,"column":null}},"13":{"start":{"line":21,"column":4},"end":{"line":28,"column":null}},"14":{"start":{"line":31,"column":6},"end":{"line":31,"column":null}},"15":{"start":{"line":19,"column":2},"end":{"line":19,"column":null}},"16":{"start":{"line":15,"column":1},"end":{"line":15,"column":null}}},"fnMap":{"0":{"name":"ThemeToggle","decl":{"start":{"line":1,"column":0},"end":{"line":1,"column":1}},"loc":{"start":{"line":1,"column":0},"end":{"line":13,"column":null}},"line":1},"1":{"name":"handleChange","decl":{"start":{"line":10,"column":10},"end":{"line":10,"column":22}},"loc":{"start":{"line":10,"column":59},"end":{"line":12,"column":null}},"line":10},"2":{"name":"(anonymous_2)","decl":{"start":{"line":19,"column":2},"end":{"line":19,"column":5}},"loc":{"start":{"line":19,"column":2},"end":{"line":21,"column":null}},"line":19},"3":{"name":"(anonymous_3)","decl":{"start":{"line":19,"column":5},"end":{"line":19,"column":null}},"loc":{"start":{"line":20,"column":9},"end":{"line":20,"column":16}},"line":20},"4":{"name":"(anonymous_4)","decl":{"start":{"line":20,"column":16},"end":{"line":20,"column":20}},"loc":{"start":{"line":20,"column":26},"end":{"line":21,"column":null}},"line":20},"5":{"name":"(anonymous_5)","decl":{"start":{"line":22,"column":11},"end":{"line":22,"column":19}},"loc":{"start":{"line":22,"column":19},"end":{"line":22,"column":null}},"line":22}},"branchMap":{"0":{"loc":{"start":{"line":25,"column":6},"end":{"line":27,"column":128}},"type":"cond-expr","locations":[{"start":{"line":26,"column":8},"end":{"line":26,"column":77}},{"start":{"line":27,"column":8},"end":{"line":27,"column":128}}],"line":25}},"s":{"0":4,"1":0,"2":4,"3":4,"4":4,"5":4,"6":12,"7":12,"8":0,"9":12,"10":12,"11":12,"12":12,"13":12,"14":12,"15":4,"16":4},"f":{"0":4,"1":0,"2":4,"3":4,"4":12,"5":0},"b":{"0":[4,8]},"meta":{"lastBranch":1,"lastFunction":6,"lastStatement":17,"seen":{"f:1:0:1:1":0,"s:4:90:7:Infinity":0,"f:10:10:10:22":1,"s:11:2:11:Infinity":1,"s:15:4:15:Infinity":2,"s:19:5:15:Infinity":3,"f:19:2:19:5":2,"s:19:2:21:Infinity":4,"f:19:5:19:Infinity":3,"s:20:9:20:16":5,"f:20:16:20:20":4,"s:21:4:21:Infinity":6,"s:21:4:22:Infinity":7,"f:22:11:22:19":5,"s:22:19:22:Infinity":8,"s:30:8:21:Infinity":9,"s:31:10:30:Infinity":10,"s:30:5:30:Infinity":11,"s:21:4:27:Infinity":12,"b:26:8:26:77:27:8:27:128":0,"s:21:4:28:Infinity":13,"s:31:6:31:Infinity":14,"s:19:2:19:Infinity":15,"s:15:1:15:Infinity":16}}}
,"/Users/annon/projects/GTD/src/lib/db/export.ts": {"path":"/Users/annon/projects/GTD/src/lib/db/export.ts","statementMap":{"0":{"start":{"line":4,"column":43},"end":{"line":4,"column":null}},"1":{"start":{"line":5,"column":1},"end":{"line":7,"column":null}},"2":{"start":{"line":6,"column":2},"end":{"line":6,"column":null}},"3":{"start":{"line":8,"column":1},"end":{"line":12,"column":null}},"4":{"start":{"line":16,"column":18},"end":{"line":16,"column":null}},"5":{"start":{"line":17,"column":1},"end":{"line":19,"column":null}},"6":{"start":{"line":18,"column":2},"end":{"line":18,"column":null}},"7":{"start":{"line":21,"column":1},"end":{"line":31,"column":null}},"8":{"start":{"line":22,"column":2},"end":{"line":24,"column":null}},"9":{"start":{"line":23,"column":3},"end":{"line":23,"column":null}},"10":{"start":{"line":25,"column":2},"end":{"line":30,"column":null}},"11":{"start":{"line":26,"column":17},"end":{"line":26,"column":null}},"12":{"start":{"line":27,"column":3},"end":{"line":29,"column":null}},"13":{"start":{"line":28,"column":4},"end":{"line":28,"column":null}},"14":{"start":{"line":35,"column":14},"end":{"line":35,"column":null}},"15":{"start":{"line":36,"column":13},"end":{"line":36,"column":null}},"16":{"start":{"line":37,"column":11},"end":{"line":37,"column":null}},"17":{"start":{"line":38,"column":1},"end":{"line":38,"column":null}},"18":{"start":{"line":39,"column":1},"end":{"line":39,"column":null}},"19":{"start":{"line":40,"column":1},"end":{"line":40,"column":null}},"20":{"start":{"line":41,"column":1},"end":{"line":41,"column":null}}},"fnMap":{"0":{"name":"exportDatabase","decl":{"start":{"line":3,"column":22},"end":{"line":3,"column":56}},"loc":{"start":{"line":3,"column":56},"end":{"line":13,"column":null}},"line":3},"1":{"name":"importDatabase","decl":{"start":{"line":15,"column":22},"end":{"line":15,"column":37}},"loc":{"start":{"line":15,"column":70},"end":{"line":32,"column":null}},"line":15},"2":{"name":"(anonymous_2)","decl":{"start":{"line":21,"column":39},"end":{"line":21,"column":51}},"loc":{"start":{"line":21,"column":51},"end":{"line":31,"column":2}},"line":21},"3":{"name":"downloadJSON","decl":{"start":{"line":34,"column":16},"end":{"line":34,"column":29}},"loc":{"start":{"line":34,"column":67},"end":{"line":42,"column":null}},"line":34}},"branchMap":{"0":{"loc":{"start":{"line":17,"column":1},"end":{"line":19,"column":null}},"type":"if","locations":[{"start":{"line":17,"column":1},"end":{"line":19,"column":null}},{"start":{},"end":{}}],"line":17},"1":{"loc":{"start":{"line":27,"column":3},"end":{"line":29,"column":null}},"type":"if","locations":[{"start":{"line":27,"column":3},"end":{"line":29,"column":null}},{"start":{},"end":{}}],"line":27}},"s":{"0":11,"1":11,"2":55,"3":11,"4":9,"5":9,"6":1,"7":7,"8":7,"9":35,"10":7,"11":35,"12":35,"13":35,"14":0,"15":0,"16":0,"17":0,"18":0,"19":0,"20":0},"f":{"0":11,"1":9,"2":7,"3":0},"b":{"0":[1,8],"1":[35,0]},"meta":{"lastBranch":2,"lastFunction":4,"lastStatement":21,"seen":{"f:3:22:3:56":0,"s:4:43:4:Infinity":0,"s:5:1:7:Infinity":1,"s:6:2:6:Infinity":2,"s:8:1:12:Infinity":3,"f:15:22:15:37":1,"s:16:18:16:Infinity":4,"b:17:1:19:Infinity:undefined:undefined:undefined:undefined":0,"s:17:1:19:Infinity":5,"s:18:2:18:Infinity":6,"s:21:1:31:Infinity":7,"f:21:39:21:51":2,"s:22:2:24:Infinity":8,"s:23:3:23:Infinity":9,"s:25:2:30:Infinity":10,"s:26:17:26:Infinity":11,"b:27:3:29:Infinity:undefined:undefined:undefined:undefined":1,"s:27:3:29:Infinity":12,"s:28:4:28:Infinity":13,"f:34:16:34:29":3,"s:35:14:35:Infinity":14,"s:36:13:36:Infinity":15,"s:37:11:37:Infinity":16,"s:38:1:38:Infinity":17,"s:39:1:39:Infinity":18,"s:40:1:40:Infinity":19,"s:41:1:41:Infinity":20}}}
,"/Users/annon/projects/GTD/src/lib/db/operations.ts": {"path":"/Users/annon/projects/GTD/src/lib/db/operations.ts","statementMap":{"0":{"start":{"line":5,"column":41},"end":{"line":5,"column":null}},"1":{"start":{"line":8,"column":1},"end":{"line":8,"column":null}},"2":{"start":{"line":12,"column":1},"end":{"line":12,"column":null}},"3":{"start":{"line":12,"column":20},"end":{"line":12,"column":null}},"4":{"start":{"line":16,"column":26},"end":{"line":21,"column":null}},"5":{"start":{"line":22,"column":1},"end":{"line":22,"column":null}},"6":{"start":{"line":23,"column":1},"end":{"line":23,"column":null}},"7":{"start":{"line":24,"column":1},"end":{"line":24,"column":null}},"8":{"start":{"line":28,"column":16},"end":{"line":31,"column":null}},"9":{"start":{"line":32,"column":1},"end":{"line":32,"column":null}},"10":{"start":{"line":33,"column":1},"end":{"line":33,"column":null}},"11":{"start":{"line":37,"column":1},"end":{"line":41,"column":null}},"12":{"start":{"line":42,"column":1},"end":{"line":42,"column":null}},"13":{"start":{"line":46,"column":1},"end":{"line":46,"column":null}},"14":{"start":{"line":50,"column":1},"end":{"line":54,"column":null}},"15":{"start":{"line":53,"column":18},"end":{"line":53,"column":31}},"16":{"start":{"line":58,"column":1},"end":{"line":62,"column":null}},"17":{"start":{"line":61,"column":18},"end":{"line":61,"column":31}},"18":{"start":{"line":66,"column":13},"end":{"line":66,"column":null}},"19":{"start":{"line":67,"column":1},"end":{"line":75,"column":null}},"20":{"start":{"line":69,"column":3},"end":{"line":73,"column":null}},"21":{"start":{"line":76,"column":1},"end":{"line":76,"column":null}},"22":{"start":{"line":84,"column":1},"end":{"line":87,"column":null}},"23":{"start":{"line":86,"column":17},"end":{"line":86,"column":29}},"24":{"start":{"line":92,"column":1},"end":{"line":94,"column":null}},"25":{"start":{"line":93,"column":2},"end":{"line":93,"column":null}},"26":{"start":{"line":97,"column":18},"end":{"line":97,"column":null}},"27":{"start":{"line":98,"column":22},"end":{"line":98,"column":null}},"28":{"start":{"line":98,"column":52},"end":{"line":98,"column":82}},"29":{"start":{"line":100,"column":29},"end":{"line":106,"column":null}},"30":{"start":{"line":107,"column":1},"end":{"line":107,"column":null}},"31":{"start":{"line":108,"column":1},"end":{"line":108,"column":null}},"32":{"start":{"line":109,"column":1},"end":{"line":109,"column":null}},"33":{"start":{"line":113,"column":16},"end":{"line":113,"column":null}},"34":{"start":{"line":114,"column":1},"end":{"line":114,"column":null}},"35":{"start":{"line":115,"column":1},"end":{"line":115,"column":null}},"36":{"start":{"line":120,"column":17},"end":{"line":120,"column":null}},"37":{"start":{"line":121,"column":1},"end":{"line":121,"column":null}},"38":{"start":{"line":121,"column":15},"end":{"line":121,"column":null}},"39":{"start":{"line":124,"column":26},"end":{"line":127,"column":null}},"40":{"start":{"line":129,"column":1},"end":{"line":135,"column":null}},"41":{"start":{"line":130,"column":2},"end":{"line":134,"column":null}},"42":{"start":{"line":132,"column":4},"end":{"line":132,"column":null}},"43":{"start":{"line":138,"column":1},"end":{"line":141,"column":null}},"44":{"start":{"line":142,"column":1},"end":{"line":142,"column":null}},"45":{"start":{"line":150,"column":17},"end":{"line":154,"column":null}},"46":{"start":{"line":153,"column":18},"end":{"line":153,"column":52}},"47":{"start":{"line":157,"column":1},"end":{"line":168,"column":null}},"48":{"start":{"line":159,"column":16},"end":{"line":159,"column":null}},"49":{"start":{"line":160,"column":16},"end":{"line":160,"column":null}},"50":{"start":{"line":162,"column":2},"end":{"line":164,"column":null}},"51":{"start":{"line":163,"column":3},"end":{"line":163,"column":null}},"52":{"start":{"line":167,"column":2},"end":{"line":167,"column":null}},"53":{"start":{"line":173,"column":17},"end":{"line":179,"column":null}},"54":{"start":{"line":177,"column":3},"end":{"line":177,"column":null}},"55":{"start":{"line":182,"column":1},"end":{"line":193,"column":null}},"56":{"start":{"line":184,"column":16},"end":{"line":184,"column":null}},"57":{"start":{"line":185,"column":16},"end":{"line":185,"column":null}},"58":{"start":{"line":187,"column":2},"end":{"line":189,"column":null}},"59":{"start":{"line":188,"column":3},"end":{"line":188,"column":null}},"60":{"start":{"line":192,"column":2},"end":{"line":192,"column":null}},"61":{"start":{"line":197,"column":1},"end":{"line":200,"column":null}},"62":{"start":{"line":201,"column":1},"end":{"line":201,"column":null}},"63":{"start":{"line":204,"column":1},"end":{"line":210,"column":null}},"64":{"start":{"line":205,"column":2},"end":{"line":208,"column":null}},"65":{"start":{"line":209,"column":2},"end":{"line":209,"column":null}},"66":{"start":{"line":214,"column":1},"end":{"line":217,"column":null}},"67":{"start":{"line":218,"column":1},"end":{"line":218,"column":null}},"68":{"start":{"line":222,"column":1},"end":{"line":229,"column":null}},"69":{"start":{"line":224,"column":3},"end":{"line":227,"column":null}},"70":{"start":{"line":230,"column":1},"end":{"line":230,"column":null}},"71":{"start":{"line":234,"column":13},"end":{"line":234,"column":null}},"72":{"start":{"line":236,"column":1},"end":{"line":243,"column":null}},"73":{"start":{"line":238,"column":3},"end":{"line":241,"column":null}},"74":{"start":{"line":244,"column":1},"end":{"line":244,"column":null}},"75":{"start":{"line":247,"column":1},"end":{"line":257,"column":null}},"76":{"start":{"line":248,"column":2},"end":{"line":255,"column":null}},"77":{"start":{"line":250,"column":4},"end":{"line":253,"column":null}},"78":{"start":{"line":256,"column":2},"end":{"line":256,"column":null}},"79":{"start":{"line":265,"column":1},"end":{"line":269,"column":null}},"80":{"start":{"line":268,"column":18},"end":{"line":268,"column":52}},"81":{"start":{"line":273,"column":1},"end":{"line":277,"column":null}},"82":{"start":{"line":276,"column":18},"end":{"line":276,"column":84}},"83":{"start":{"line":282,"column":18},"end":{"line":286,"column":null}},"84":{"start":{"line":285,"column":18},"end":{"line":285,"column":52}},"85":{"start":{"line":288,"column":28},"end":{"line":292,"column":null}},"86":{"start":{"line":291,"column":18},"end":{"line":291,"column":84}},"87":{"start":{"line":295,"column":26},"end":{"line":297,"column":null}},"88":{"start":{"line":296,"column":35},"end":{"line":296,"column":52}},"89":{"start":{"line":300,"column":1},"end":{"line":300,"column":null}},"90":{"start":{"line":300,"column":35},"end":{"line":300,"column":68}},"91":{"start":{"line":304,"column":1},"end":{"line":307,"column":null}},"92":{"start":{"line":308,"column":1},"end":{"line":308,"column":null}},"93":{"start":{"line":311,"column":1},"end":{"line":317,"column":null}},"94":{"start":{"line":312,"column":2},"end":{"line":315,"column":null}},"95":{"start":{"line":316,"column":2},"end":{"line":316,"column":null}},"96":{"start":{"line":321,"column":1},"end":{"line":324,"column":null}},"97":{"start":{"line":325,"column":1},"end":{"line":325,"column":null}},"98":{"start":{"line":329,"column":29},"end":{"line":336,"column":null}},"99":{"start":{"line":337,"column":1},"end":{"line":337,"column":null}},"100":{"start":{"line":338,"column":1},"end":{"line":338,"column":null}},"101":{"start":{"line":339,"column":1},"end":{"line":339,"column":null}},"102":{"start":{"line":347,"column":15},"end":{"line":351,"column":null}},"103":{"start":{"line":350,"column":18},"end":{"line":350,"column":52}},"104":{"start":{"line":354,"column":1},"end":{"line":365,"column":null}},"105":{"start":{"line":356,"column":16},"end":{"line":356,"column":null}},"106":{"start":{"line":357,"column":16},"end":{"line":357,"column":null}},"107":{"start":{"line":359,"column":2},"end":{"line":361,"column":null}},"108":{"start":{"line":360,"column":3},"end":{"line":360,"column":null}},"109":{"start":{"line":364,"column":2},"end":{"line":364,"column":null}},"110":{"start":{"line":369,"column":1},"end":{"line":372,"column":null}},"111":{"start":{"line":373,"column":1},"end":{"line":373,"column":null}},"112":{"start":{"line":376,"column":1},"end":{"line":382,"column":null}},"113":{"start":{"line":377,"column":2},"end":{"line":380,"column":null}},"114":{"start":{"line":381,"column":2},"end":{"line":381,"column":null}},"115":{"start":{"line":392,"column":26},"end":{"line":402,"column":null}},"116":{"start":{"line":403,"column":1},"end":{"line":403,"column":null}},"117":{"start":{"line":404,"column":1},"end":{"line":404,"column":null}},"118":{"start":{"line":405,"column":1},"end":{"line":405,"column":null}},"119":{"start":{"line":413,"column":1},"end":{"line":417,"column":null}},"120":{"start":{"line":416,"column":18},"end":{"line":416,"column":52}},"121":{"start":{"line":421,"column":1},"end":{"line":425,"column":null}},"122":{"start":{"line":426,"column":1},"end":{"line":426,"column":null}},"123":{"start":{"line":430,"column":26},"end":{"line":438,"column":null}},"124":{"start":{"line":439,"column":1},"end":{"line":439,"column":null}},"125":{"start":{"line":440,"column":1},"end":{"line":440,"column":null}},"126":{"start":{"line":441,"column":1},"end":{"line":441,"column":null}},"127":{"start":{"line":449,"column":17},"end":{"line":449,"column":null}},"128":{"start":{"line":450,"column":1},"end":{"line":450,"column":null}},"129":{"start":{"line":454,"column":18},"end":{"line":454,"column":null}},"130":{"start":{"line":455,"column":1},"end":{"line":459,"column":null}},"131":{"start":{"line":456,"column":2},"end":{"line":456,"column":null}},"132":{"start":{"line":458,"column":2},"end":{"line":458,"column":null}},"133":{"start":{"line":461,"column":1},"end":{"line":463,"column":null}},"134":{"start":{"line":462,"column":2},"end":{"line":462,"column":null}},"135":{"start":{"line":471,"column":33},"end":{"line":476,"column":null}},"136":{"start":{"line":477,"column":1},"end":{"line":477,"column":null}},"137":{"start":{"line":478,"column":1},"end":{"line":478,"column":null}},"138":{"start":{"line":479,"column":1},"end":{"line":479,"column":null}},"139":{"start":{"line":483,"column":16},"end":{"line":486,"column":null}},"140":{"start":{"line":487,"column":1},"end":{"line":487,"column":null}},"141":{"start":{"line":488,"column":1},"end":{"line":488,"column":null}},"142":{"start":{"line":492,"column":1},"end":{"line":496,"column":null}},"143":{"start":{"line":497,"column":1},"end":{"line":497,"column":null}},"144":{"start":{"line":501,"column":1},"end":{"line":501,"column":null}},"145":{"start":{"line":507,"column":1},"end":{"line":513,"column":null}},"146":{"start":{"line":512,"column":15},"end":{"line":512,"column":25}},"147":{"start":{"line":517,"column":1},"end":{"line":519,"column":null}},"148":{"start":{"line":518,"column":19},"end":{"line":518,"column":50}},"149":{"start":{"line":523,"column":13},"end":{"line":523,"column":null}},"150":{"start":{"line":524,"column":24},"end":{"line":529,"column":null}},"151":{"start":{"line":524,"column":41},"end":{"line":529,"column":3}},"152":{"start":{"line":530,"column":1},"end":{"line":530,"column":null}},"153":{"start":{"line":531,"column":1},"end":{"line":531,"column":null}},"154":{"start":{"line":532,"column":1},"end":{"line":532,"column":null}},"155":{"start":{"line":532,"column":32},"end":{"line":532,"column":36}},"156":{"start":{"line":536,"column":1},"end":{"line":538,"column":null}},"157":{"start":{"line":537,"column":15},"end":{"line":537,"column":25}},"158":{"start":{"line":546,"column":16},"end":{"line":546,"column":null}},"159":{"start":{"line":547,"column":13},"end":{"line":547,"column":null}},"160":{"start":{"line":550,"column":18},"end":{"line":552,"column":null}},"161":{"start":{"line":551,"column":18},"end":{"line":551,"column":79}},"162":{"start":{"line":553,"column":1},"end":{"line":556,"column":null}},"163":{"start":{"line":554,"column":2},"end":{"line":554,"column":null}},"164":{"start":{"line":554,"column":46},"end":{"line":554,"column":50}},"165":{"start":{"line":555,"column":2},"end":{"line":555,"column":null}},"166":{"start":{"line":559,"column":19},"end":{"line":561,"column":null}},"167":{"start":{"line":560,"column":15},"end":{"line":560,"column":67}},"168":{"start":{"line":562,"column":1},"end":{"line":565,"column":null}},"169":{"start":{"line":563,"column":2},"end":{"line":563,"column":null}},"170":{"start":{"line":563,"column":48},"end":{"line":563,"column":52}},"171":{"start":{"line":564,"column":2},"end":{"line":564,"column":null}},"172":{"start":{"line":568,"column":21},"end":{"line":570,"column":null}},"173":{"start":{"line":569,"column":15},"end":{"line":569,"column":94}},"174":{"start":{"line":571,"column":1},"end":{"line":574,"column":null}},"175":{"start":{"line":572,"column":2},"end":{"line":572,"column":null}},"176":{"start":{"line":572,"column":52},"end":{"line":572,"column":56}},"177":{"start":{"line":573,"column":2},"end":{"line":573,"column":null}},"178":{"start":{"line":576,"column":1},"end":{"line":576,"column":null}}},"fnMap":{"0":{"name":"setSyncNotifier","decl":{"start":{"line":7,"column":16},"end":{"line":7,"column":32}},"loc":{"start":{"line":7,"column":60},"end":{"line":9,"column":null}},"line":7},"1":{"name":"notifyDataChanged","decl":{"start":{"line":11,"column":9},"end":{"line":11,"column":35}},"loc":{"start":{"line":11,"column":35},"end":{"line":13,"column":null}},"line":11},"2":{"name":"addItem","decl":{"start":{"line":15,"column":22},"end":{"line":15,"column":30}},"loc":{"start":{"line":15,"column":99},"end":{"line":25,"column":null}},"line":15},"3":{"name":"updateItem","decl":{"start":{"line":27,"column":22},"end":{"line":27,"column":33}},"loc":{"start":{"line":27,"column":89},"end":{"line":34,"column":null}},"line":27},"4":{"name":"deleteItem","decl":{"start":{"line":36,"column":22},"end":{"line":36,"column":33}},"loc":{"start":{"line":36,"column":60},"end":{"line":43,"column":null}},"line":36},"5":{"name":"getItem","decl":{"start":{"line":45,"column":22},"end":{"line":45,"column":30}},"loc":{"start":{"line":45,"column":72},"end":{"line":47,"column":null}},"line":45},"6":{"name":"getAllInbox","decl":{"start":{"line":49,"column":22},"end":{"line":49,"column":56}},"loc":{"start":{"line":49,"column":56},"end":{"line":55,"column":null}},"line":49},"7":{"name":"(anonymous_7)","decl":{"start":{"line":53,"column":10},"end":{"line":53,"column":18}},"loc":{"start":{"line":53,"column":18},"end":{"line":53,"column":31}},"line":53},"8":{"name":"getItemsByType","decl":{"start":{"line":57,"column":22},"end":{"line":57,"column":37}},"loc":{"start":{"line":57,"column":80},"end":{"line":63,"column":null}},"line":57},"9":{"name":"(anonymous_9)","decl":{"start":{"line":61,"column":10},"end":{"line":61,"column":18}},"loc":{"start":{"line":61,"column":18},"end":{"line":61,"column":31}},"line":61},"10":{"name":"bulkDeleteItems","decl":{"start":{"line":65,"column":22},"end":{"line":65,"column":38}},"loc":{"start":{"line":65,"column":68},"end":{"line":77,"column":null}},"line":65},"11":{"name":"(anonymous_11)","decl":{"start":{"line":68,"column":10},"end":{"line":68,"column":null}},"loc":{"start":{"line":69,"column":3},"end":{"line":73,"column":null}},"line":69},"12":{"name":"getAllContexts","decl":{"start":{"line":83,"column":22},"end":{"line":83,"column":59}},"loc":{"start":{"line":83,"column":59},"end":{"line":88,"column":null}},"line":83},"13":{"name":"(anonymous_13)","decl":{"start":{"line":86,"column":10},"end":{"line":86,"column":17}},"loc":{"start":{"line":86,"column":17},"end":{"line":86,"column":29}},"line":86},"14":{"name":"addContext","decl":{"start":{"line":90,"column":22},"end":{"line":90,"column":33}},"loc":{"start":{"line":90,"column":64},"end":{"line":110,"column":null}},"line":90},"15":{"name":"(anonymous_15)","decl":{"start":{"line":98,"column":38},"end":{"line":98,"column":39}},"loc":{"start":{"line":98,"column":52},"end":{"line":98,"column":82}},"line":98},"16":{"name":"updateContext","decl":{"start":{"line":112,"column":22},"end":{"line":112,"column":36}},"loc":{"start":{"line":112,"column":92},"end":{"line":116,"column":null}},"line":112},"17":{"name":"deleteContext","decl":{"start":{"line":118,"column":22},"end":{"line":118,"column":36}},"loc":{"start":{"line":118,"column":63},"end":{"line":143,"column":null}},"line":118},"18":{"name":"(anonymous_18)","decl":{"start":{"line":131,"column":24},"end":{"line":131,"column":null}},"loc":{"start":{"line":132,"column":4},"end":{"line":132,"column":null}},"line":132},"19":{"name":"getAllNextActions","decl":{"start":{"line":149,"column":22},"end":{"line":149,"column":62}},"loc":{"start":{"line":149,"column":62},"end":{"line":169,"column":null}},"line":149},"20":{"name":"(anonymous_20)","decl":{"start":{"line":153,"column":10},"end":{"line":153,"column":18}},"loc":{"start":{"line":153,"column":18},"end":{"line":153,"column":52}},"line":153},"21":{"name":"(anonymous_21)","decl":{"start":{"line":157,"column":21},"end":{"line":157,"column":22}},"loc":{"start":{"line":157,"column":31},"end":{"line":168,"column":2}},"line":157},"22":{"name":"getActionsByContext","decl":{"start":{"line":171,"column":22},"end":{"line":171,"column":42}},"loc":{"start":{"line":171,"column":82},"end":{"line":194,"column":null}},"line":171},"23":{"name":"(anonymous_23)","decl":{"start":{"line":176,"column":10},"end":{"line":176,"column":18}},"loc":{"start":{"line":176,"column":18},"end":{"line":178,"column":3}},"line":176},"24":{"name":"(anonymous_24)","decl":{"start":{"line":182,"column":21},"end":{"line":182,"column":22}},"loc":{"start":{"line":182,"column":31},"end":{"line":193,"column":2}},"line":182},"25":{"name":"completeAction","decl":{"start":{"line":196,"column":22},"end":{"line":196,"column":37}},"loc":{"start":{"line":196,"column":79},"end":{"line":211,"column":null}},"line":196},"26":{"name":"(anonymous_26)","decl":{"start":{"line":204,"column":8},"end":{"line":204,"column":20}},"loc":{"start":{"line":204,"column":20},"end":{"line":210,"column":null}},"line":204},"27":{"name":"undoCompleteAction","decl":{"start":{"line":213,"column":22},"end":{"line":213,"column":41}},"loc":{"start":{"line":213,"column":68},"end":{"line":219,"column":null}},"line":213},"28":{"name":"reorderActions","decl":{"start":{"line":221,"column":22},"end":{"line":221,"column":37}},"loc":{"start":{"line":221,"column":74},"end":{"line":231,"column":null}},"line":221},"29":{"name":"(anonymous_29)","decl":{"start":{"line":223,"column":17},"end":{"line":223,"column":18}},"loc":{"start":{"line":224,"column":3},"end":{"line":227,"column":null}},"line":224},"30":{"name":"bulkCompleteActions","decl":{"start":{"line":233,"column":22},"end":{"line":233,"column":42}},"loc":{"start":{"line":233,"column":87},"end":{"line":258,"column":null}},"line":233},"31":{"name":"(anonymous_31)","decl":{"start":{"line":237,"column":10},"end":{"line":237,"column":null}},"loc":{"start":{"line":238,"column":3},"end":{"line":241,"column":null}},"line":238},"32":{"name":"(anonymous_32)","decl":{"start":{"line":247,"column":8},"end":{"line":247,"column":20}},"loc":{"start":{"line":247,"column":20},"end":{"line":257,"column":null}},"line":247},"33":{"name":"(anonymous_33)","decl":{"start":{"line":249,"column":11},"end":{"line":249,"column":null}},"loc":{"start":{"line":250,"column":4},"end":{"line":253,"column":null}},"line":250},"34":{"name":"getAllProjects","decl":{"start":{"line":264,"column":22},"end":{"line":264,"column":59}},"loc":{"start":{"line":264,"column":59},"end":{"line":270,"column":null}},"line":264},"35":{"name":"(anonymous_35)","decl":{"start":{"line":268,"column":10},"end":{"line":268,"column":18}},"loc":{"start":{"line":268,"column":18},"end":{"line":268,"column":52}},"line":268},"36":{"name":"getActionsByProject","decl":{"start":{"line":272,"column":22},"end":{"line":272,"column":42}},"loc":{"start":{"line":272,"column":81},"end":{"line":278,"column":null}},"line":272},"37":{"name":"(anonymous_37)","decl":{"start":{"line":276,"column":10},"end":{"line":276,"column":18}},"loc":{"start":{"line":276,"column":18},"end":{"line":276,"column":84}},"line":276},"38":{"name":"getStalledProjects","decl":{"start":{"line":280,"column":22},"end":{"line":280,"column":63}},"loc":{"start":{"line":280,"column":63},"end":{"line":301,"column":null}},"line":280},"39":{"name":"(anonymous_39)","decl":{"start":{"line":285,"column":10},"end":{"line":285,"column":18}},"loc":{"start":{"line":285,"column":18},"end":{"line":285,"column":52}},"line":285},"40":{"name":"(anonymous_40)","decl":{"start":{"line":291,"column":10},"end":{"line":291,"column":18}},"loc":{"start":{"line":291,"column":18},"end":{"line":291,"column":84}},"line":291},"41":{"name":"(anonymous_41)","decl":{"start":{"line":296,"column":25},"end":{"line":296,"column":35}},"loc":{"start":{"line":296,"column":35},"end":{"line":296,"column":52}},"line":296},"42":{"name":"(anonymous_42)","decl":{"start":{"line":300,"column":24},"end":{"line":300,"column":35}},"loc":{"start":{"line":300,"column":35},"end":{"line":300,"column":68}},"line":300},"43":{"name":"completeProject","decl":{"start":{"line":303,"column":22},"end":{"line":303,"column":38}},"loc":{"start":{"line":303,"column":80},"end":{"line":318,"column":null}},"line":303},"44":{"name":"(anonymous_44)","decl":{"start":{"line":311,"column":8},"end":{"line":311,"column":20}},"loc":{"start":{"line":311,"column":20},"end":{"line":317,"column":null}},"line":311},"45":{"name":"moveProjectToSomeday","decl":{"start":{"line":320,"column":22},"end":{"line":320,"column":43}},"loc":{"start":{"line":320,"column":70},"end":{"line":326,"column":null}},"line":320},"46":{"name":"addProject","decl":{"start":{"line":328,"column":22},"end":{"line":328,"column":33}},"loc":{"start":{"line":328,"column":81},"end":{"line":340,"column":null}},"line":328},"47":{"name":"getAllWaitingFor","decl":{"start":{"line":346,"column":22},"end":{"line":346,"column":61}},"loc":{"start":{"line":346,"column":61},"end":{"line":366,"column":null}},"line":346},"48":{"name":"(anonymous_48)","decl":{"start":{"line":350,"column":10},"end":{"line":350,"column":18}},"loc":{"start":{"line":350,"column":18},"end":{"line":350,"column":52}},"line":350},"49":{"name":"(anonymous_49)","decl":{"start":{"line":354,"column":19},"end":{"line":354,"column":20}},"loc":{"start":{"line":354,"column":29},"end":{"line":365,"column":2}},"line":354},"50":{"name":"resolveWaitingFor","decl":{"start":{"line":368,"column":22},"end":{"line":368,"column":40}},"loc":{"start":{"line":368,"column":82},"end":{"line":383,"column":null}},"line":368},"51":{"name":"(anonymous_51)","decl":{"start":{"line":376,"column":8},"end":{"line":376,"column":20}},"loc":{"start":{"line":376,"column":20},"end":{"line":382,"column":null}},"line":376},"52":{"name":"addWaitingFor","decl":{"start":{"line":385,"column":22},"end":{"line":385,"column":null}},"loc":{"start":{"line":391,"column":19},"end":{"line":406,"column":null}},"line":391},"53":{"name":"getAllSomedayMaybe","decl":{"start":{"line":412,"column":22},"end":{"line":412,"column":63}},"loc":{"start":{"line":412,"column":63},"end":{"line":418,"column":null}},"line":412},"54":{"name":"(anonymous_54)","decl":{"start":{"line":416,"column":10},"end":{"line":416,"column":18}},"loc":{"start":{"line":416,"column":18},"end":{"line":416,"column":52}},"line":416},"55":{"name":"promoteSomedayToActive","decl":{"start":{"line":420,"column":22},"end":{"line":420,"column":45}},"loc":{"start":{"line":420,"column":108},"end":{"line":427,"column":null}},"line":420},"56":{"name":"addSomedayItem","decl":{"start":{"line":429,"column":22},"end":{"line":429,"column":37}},"loc":{"start":{"line":429,"column":104},"end":{"line":442,"column":null}},"line":429},"57":{"name":"getSetting","decl":{"start":{"line":448,"column":22},"end":{"line":448,"column":33}},"loc":{"start":{"line":448,"column":67},"end":{"line":451,"column":null}},"line":448},"58":{"name":"setSetting","decl":{"start":{"line":453,"column":22},"end":{"line":453,"column":33}},"loc":{"start":{"line":453,"column":73},"end":{"line":464,"column":null}},"line":453},"59":{"name":"addEvent","decl":{"start":{"line":470,"column":22},"end":{"line":470,"column":31}},"loc":{"start":{"line":470,"column":107},"end":{"line":480,"column":null}},"line":470},"60":{"name":"updateEvent","decl":{"start":{"line":482,"column":22},"end":{"line":482,"column":34}},"loc":{"start":{"line":482,"column":96},"end":{"line":489,"column":null}},"line":482},"61":{"name":"deleteEvent","decl":{"start":{"line":491,"column":22},"end":{"line":491,"column":34}},"loc":{"start":{"line":491,"column":61},"end":{"line":498,"column":null}},"line":491},"62":{"name":"getEvent","decl":{"start":{"line":500,"column":22},"end":{"line":500,"column":31}},"loc":{"start":{"line":500,"column":79},"end":{"line":502,"column":null}},"line":500},"63":{"name":"getEventsInRange","decl":{"start":{"line":504,"column":22},"end":{"line":504,"column":39}},"loc":{"start":{"line":504,"column":89},"end":{"line":514,"column":null}},"line":504},"64":{"name":"(anonymous_64)","decl":{"start":{"line":512,"column":10},"end":{"line":512,"column":15}},"loc":{"start":{"line":512,"column":15},"end":{"line":512,"column":25}},"line":512},"65":{"name":"getRecurringEvents","decl":{"start":{"line":516,"column":22},"end":{"line":516,"column":69}},"loc":{"start":{"line":516,"column":69},"end":{"line":520,"column":null}},"line":516},"66":{"name":"(anonymous_66)","decl":{"start":{"line":518,"column":10},"end":{"line":518,"column":19}},"loc":{"start":{"line":518,"column":19},"end":{"line":518,"column":50}},"line":518},"67":{"name":"bulkAddEvents","decl":{"start":{"line":522,"column":22},"end":{"line":522,"column":36}},"loc":{"start":{"line":522,"column":117},"end":{"line":533,"column":null}},"line":522},"68":{"name":"(anonymous_68)","decl":{"start":{"line":524,"column":35},"end":{"line":524,"column":41}},"loc":{"start":{"line":524,"column":41},"end":{"line":529,"column":3}},"line":524},"69":{"name":"(anonymous_69)","decl":{"start":{"line":532,"column":27},"end":{"line":532,"column":32}},"loc":{"start":{"line":532,"column":32},"end":{"line":532,"column":36}},"line":532},"70":{"name":"getAllEvents","decl":{"start":{"line":535,"column":22},"end":{"line":535,"column":63}},"loc":{"start":{"line":535,"column":63},"end":{"line":539,"column":null}},"line":535},"71":{"name":"(anonymous_71)","decl":{"start":{"line":537,"column":10},"end":{"line":537,"column":15}},"loc":{"start":{"line":537,"column":15},"end":{"line":537,"column":25}},"line":537},"72":{"name":"compactTombstones","decl":{"start":{"line":545,"column":22},"end":{"line":545,"column":40}},"loc":{"start":{"line":545,"column":82},"end":{"line":577,"column":null}},"line":545},"73":{"name":"(anonymous_73)","decl":{"start":{"line":551,"column":10},"end":{"line":551,"column":18}},"loc":{"start":{"line":551,"column":18},"end":{"line":551,"column":79}},"line":551},"74":{"name":"(anonymous_74)","decl":{"start":{"line":554,"column":41},"end":{"line":554,"column":46}},"loc":{"start":{"line":554,"column":46},"end":{"line":554,"column":50}},"line":554},"75":{"name":"(anonymous_75)","decl":{"start":{"line":560,"column":10},"end":{"line":560,"column":15}},"loc":{"start":{"line":560,"column":15},"end":{"line":560,"column":67}},"line":560},"76":{"name":"(anonymous_76)","decl":{"start":{"line":563,"column":43},"end":{"line":563,"column":48}},"loc":{"start":{"line":563,"column":48},"end":{"line":563,"column":52}},"line":563},"77":{"name":"(anonymous_77)","decl":{"start":{"line":569,"column":10},"end":{"line":569,"column":15}},"loc":{"start":{"line":569,"column":15},"end":{"line":569,"column":94}},"line":569},"78":{"name":"(anonymous_78)","decl":{"start":{"line":572,"column":47},"end":{"line":572,"column":52}},"loc":{"start":{"line":572,"column":52},"end":{"line":572,"column":56}},"line":572}},"branchMap":{"0":{"loc":{"start":{"line":12,"column":1},"end":{"line":12,"column":null}},"type":"if","locations":[{"start":{"line":12,"column":1},"end":{"line":12,"column":null}},{"start":{},"end":{}}],"line":12},"1":{"loc":{"start":{"line":92,"column":1},"end":{"line":94,"column":null}},"type":"if","locations":[{"start":{"line":92,"column":1},"end":{"line":94,"column":null}},{"start":{},"end":{}}],"line":92},"2":{"loc":{"start":{"line":121,"column":1},"end":{"line":121,"column":null}},"type":"if","locations":[{"start":{"line":121,"column":1},"end":{"line":121,"column":null}},{"start":{},"end":{}}],"line":121},"3":{"loc":{"start":{"line":129,"column":1},"end":{"line":135,"column":null}},"type":"if","locations":[{"start":{"line":129,"column":1},"end":{"line":135,"column":null}},{"start":{},"end":{}}],"line":129},"4":{"loc":{"start":{"line":153,"column":18},"end":{"line":153,"column":52}},"type":"binary-expr","locations":[{"start":{"line":153,"column":18},"end":{"line":153,"column":39}},{"start":{"line":153,"column":39},"end":{"line":153,"column":52}}],"line":153},"5":{"loc":{"start":{"line":159,"column":16},"end":{"line":159,"column":null}},"type":"binary-expr","locations":[{"start":{"line":159,"column":16},"end":{"line":159,"column":31}},{"start":{"line":159,"column":31},"end":{"line":159,"column":null}}],"line":159},"6":{"loc":{"start":{"line":160,"column":16},"end":{"line":160,"column":null}},"type":"binary-expr","locations":[{"start":{"line":160,"column":16},"end":{"line":160,"column":31}},{"start":{"line":160,"column":31},"end":{"line":160,"column":null}}],"line":160},"7":{"loc":{"start":{"line":162,"column":2},"end":{"line":164,"column":null}},"type":"if","locations":[{"start":{"line":162,"column":2},"end":{"line":164,"column":null}},{"start":{},"end":{}}],"line":162},"8":{"loc":{"start":{"line":177,"column":10},"end":{"line":177,"column":null}},"type":"binary-expr","locations":[{"start":{"line":177,"column":10},"end":{"line":177,"column":31}},{"start":{"line":177,"column":31},"end":{"line":177,"column":48}},{"start":{"line":177,"column":48},"end":{"line":177,"column":66}},{"start":{"line":177,"column":66},"end":{"line":177,"column":null}}],"line":177},"9":{"loc":{"start":{"line":184,"column":16},"end":{"line":184,"column":null}},"type":"binary-expr","locations":[{"start":{"line":184,"column":16},"end":{"line":184,"column":31}},{"start":{"line":184,"column":31},"end":{"line":184,"column":null}}],"line":184},"10":{"loc":{"start":{"line":185,"column":16},"end":{"line":185,"column":null}},"type":"binary-expr","locations":[{"start":{"line":185,"column":16},"end":{"line":185,"column":31}},{"start":{"line":185,"column":31},"end":{"line":185,"column":null}}],"line":185},"11":{"loc":{"start":{"line":187,"column":2},"end":{"line":189,"column":null}},"type":"if","locations":[{"start":{"line":187,"column":2},"end":{"line":189,"column":null}},{"start":{},"end":{}}],"line":187},"12":{"loc":{"start":{"line":268,"column":18},"end":{"line":268,"column":52}},"type":"binary-expr","locations":[{"start":{"line":268,"column":18},"end":{"line":268,"column":39}},{"start":{"line":268,"column":39},"end":{"line":268,"column":52}}],"line":268},"13":{"loc":{"start":{"line":276,"column":18},"end":{"line":276,"column":84}},"type":"binary-expr","locations":[{"start":{"line":276,"column":18},"end":{"line":276,"column":39}},{"start":{"line":276,"column":39},"end":{"line":276,"column":56}},{"start":{"line":276,"column":56},"end":{"line":276,"column":84}}],"line":276},"14":{"loc":{"start":{"line":285,"column":18},"end":{"line":285,"column":52}},"type":"binary-expr","locations":[{"start":{"line":285,"column":18},"end":{"line":285,"column":39}},{"start":{"line":285,"column":39},"end":{"line":285,"column":52}}],"line":285},"15":{"loc":{"start":{"line":291,"column":18},"end":{"line":291,"column":84}},"type":"binary-expr","locations":[{"start":{"line":291,"column":18},"end":{"line":291,"column":39}},{"start":{"line":291,"column":39},"end":{"line":291,"column":56}},{"start":{"line":291,"column":56},"end":{"line":291,"column":84}}],"line":291},"16":{"loc":{"start":{"line":333,"column":9},"end":{"line":333,"column":null}},"type":"binary-expr","locations":[{"start":{"line":333,"column":9},"end":{"line":333,"column":18}},{"start":{"line":333,"column":18},"end":{"line":333,"column":null}}],"line":333},"17":{"loc":{"start":{"line":350,"column":18},"end":{"line":350,"column":52}},"type":"binary-expr","locations":[{"start":{"line":350,"column":18},"end":{"line":350,"column":39}},{"start":{"line":350,"column":39},"end":{"line":350,"column":52}}],"line":350},"18":{"loc":{"start":{"line":356,"column":16},"end":{"line":356,"column":null}},"type":"cond-expr","locations":[{"start":{"line":356,"column":33},"end":{"line":356,"column":60}},{"start":{"line":356,"column":60},"end":{"line":356,"column":null}}],"line":356},"19":{"loc":{"start":{"line":357,"column":16},"end":{"line":357,"column":null}},"type":"cond-expr","locations":[{"start":{"line":357,"column":33},"end":{"line":357,"column":60}},{"start":{"line":357,"column":60},"end":{"line":357,"column":null}}],"line":357},"20":{"loc":{"start":{"line":359,"column":2},"end":{"line":361,"column":null}},"type":"if","locations":[{"start":{"line":359,"column":2},"end":{"line":361,"column":null}},{"start":{},"end":{}}],"line":359},"21":{"loc":{"start":{"line":399,"column":9},"end":{"line":399,"column":null}},"type":"binary-expr","locations":[{"start":{"line":399,"column":9},"end":{"line":399,"column":18}},{"start":{"line":399,"column":18},"end":{"line":399,"column":null}}],"line":399},"22":{"loc":{"start":{"line":416,"column":18},"end":{"line":416,"column":52}},"type":"binary-expr","locations":[{"start":{"line":416,"column":18},"end":{"line":416,"column":39}},{"start":{"line":416,"column":39},"end":{"line":416,"column":52}}],"line":416},"23":{"loc":{"start":{"line":434,"column":9},"end":{"line":434,"column":null}},"type":"binary-expr","locations":[{"start":{"line":434,"column":9},"end":{"line":434,"column":18}},{"start":{"line":434,"column":18},"end":{"line":434,"column":null}}],"line":434},"24":{"loc":{"start":{"line":450,"column":8},"end":{"line":450,"column":null}},"type":"binary-expr","locations":[{"start":{"line":450,"column":8},"end":{"line":450,"column":26}},{"start":{"line":450,"column":26},"end":{"line":450,"column":null}}],"line":450},"25":{"loc":{"start":{"line":455,"column":1},"end":{"line":459,"column":null}},"type":"if","locations":[{"start":{"line":455,"column":1},"end":{"line":459,"column":null}},{"start":{"line":457,"column":8},"end":{"line":459,"column":null}}],"line":455},"26":{"loc":{"start":{"line":461,"column":1},"end":{"line":463,"column":null}},"type":"if","locations":[{"start":{"line":461,"column":1},"end":{"line":463,"column":null}},{"start":{},"end":{}}],"line":461},"27":{"loc":{"start":{"line":518,"column":19},"end":{"line":518,"column":50}},"type":"binary-expr","locations":[{"start":{"line":518,"column":19},"end":{"line":518,"column":36}},{"start":{"line":518,"column":36},"end":{"line":518,"column":50}}],"line":518},"28":{"loc":{"start":{"line":545,"column":40},"end":{"line":545,"column":82}},"type":"default-arg","locations":[{"start":{"line":545,"column":61},"end":{"line":545,"column":82}}],"line":545},"29":{"loc":{"start":{"line":551,"column":18},"end":{"line":551,"column":79}},"type":"binary-expr","locations":[{"start":{"line":551,"column":18},"end":{"line":551,"column":36}},{"start":{"line":551,"column":36},"end":{"line":551,"column":56}},{"start":{"line":551,"column":56},"end":{"line":551,"column":79}}],"line":551},"30":{"loc":{"start":{"line":553,"column":1},"end":{"line":556,"column":null}},"type":"if","locations":[{"start":{"line":553,"column":1},"end":{"line":556,"column":null}},{"start":{},"end":{}}],"line":553},"31":{"loc":{"start":{"line":560,"column":15},"end":{"line":560,"column":67}},"type":"binary-expr","locations":[{"start":{"line":560,"column":15},"end":{"line":560,"column":30}},{"start":{"line":560,"column":30},"end":{"line":560,"column":47}},{"start":{"line":560,"column":47},"end":{"line":560,"column":67}}],"line":560},"32":{"loc":{"start":{"line":562,"column":1},"end":{"line":565,"column":null}},"type":"if","locations":[{"start":{"line":562,"column":1},"end":{"line":565,"column":null}},{"start":{},"end":{}}],"line":562},"33":{"loc":{"start":{"line":569,"column":15},"end":{"line":569,"column":94}},"type":"binary-expr","locations":[{"start":{"line":569,"column":15},"end":{"line":569,"column":39}},{"start":{"line":569,"column":39},"end":{"line":569,"column":66}},{"start":{"line":569,"column":66},"end":{"line":569,"column":94}}],"line":569},"34":{"loc":{"start":{"line":571,"column":1},"end":{"line":574,"column":null}},"type":"if","locations":[{"start":{"line":571,"column":1},"end":{"line":574,"column":null}},{"start":{},"end":{}}],"line":571}},"s":{"0":1,"1":0,"2":46,"3":0,"4":35,"5":35,"6":35,"7":35,"8":5,"9":5,"10":5,"11":5,"12":5,"13":21,"14":5,"15":7,"16":0,"17":0,"18":0,"19":0,"20":0,"21":0,"22":0,"23":0,"24":1,"25":0,"26":1,"27":1,"28":0,"29":1,"30":1,"31":1,"32":1,"33":0,"34":0,"35":0,"36":0,"37":0,"38":0,"39":0,"40":0,"41":0,"42":0,"43":0,"44":0,"45":0,"46":0,"47":0,"48":0,"49":0,"50":0,"51":0,"52":0,"53":0,"54":0,"55":0,"56":0,"57":0,"58":0,"59":0,"60":0,"61":0,"62":0,"63":0,"64":0,"65":0,"66":0,"67":0,"68":0,"69":0,"70":0,"71":0,"72":0,"73":0,"74":0,"75":0,"76":0,"77":0,"78":0,"79":0,"80":0,"81":0,"82":0,"83":0,"84":0,"85":0,"86":0,"87":0,"88":0,"89":0,"90":0,"91":0,"92":0,"93":0,"94":0,"95":0,"96":0,"97":0,"98":0,"99":0,"100":0,"101":0,"102":0,"103":0,"104":0,"105":0,"106":0,"107":0,"108":0,"109":0,"110":0,"111":0,"112":0,"113":0,"114":0,"115":0,"116":0,"117":0,"118":0,"119":0,"120":0,"121":0,"122":0,"123":0,"124":0,"125":0,"126":0,"127":12,"128":12,"129":10,"130":10,"131":1,"132":9,"133":8,"134":0,"135":0,"136":0,"137":0,"138":0,"139":0,"140":0,"141":0,"142":0,"143":0,"144":0,"145":0,"146":0,"147":0,"148":0,"149":0,"150":0,"151":0,"152":0,"153":0,"154":0,"155":0,"156":0,"157":0,"158":0,"159":0,"160":0,"161":0,"162":0,"163":0,"164":0,"165":0,"166":0,"167":0,"168":0,"169":0,"170":0,"171":0,"172":0,"173":0,"174":0,"175":0,"176":0,"177":0,"178":0},"f":{"0":0,"1":46,"2":35,"3":5,"4":5,"5":21,"6":5,"7":7,"8":0,"9":0,"10":0,"11":0,"12":0,"13":0,"14":1,"15":0,"16":0,"17":0,"18":0,"19":0,"20":0,"21":0,"22":0,"23":0,"24":0,"25":0,"26":0,"27":0,"28":0,"29":0,"30":0,"31":0,"32":0,"33":0,"34":0,"35":0,"36":0,"37":0,"38":0,"39":0,"40":0,"41":0,"42":0,"43":0,"44":0,"45":0,"46":0,"47":0,"48":0,"49":0,"50":0,"51":0,"52":0,"53":0,"54":0,"55":0,"56":0,"57":12,"58":10,"59":0,"60":0,"61":0,"62":0,"63":0,"64":0,"65":0,"66":0,"67":0,"68":0,"69":0,"70":0,"71":0,"72":0,"73":0,"74":0,"75":0,"76":0,"77":0,"78":0},"b":{"0":[0,46],"1":[0,1],"2":[0,0],"3":[0,0],"4":[0,0],"5":[0,0],"6":[0,0],"7":[0,0],"8":[0,0,0,0],"9":[0,0],"10":[0,0],"11":[0,0],"12":[0,0],"13":[0,0,0],"14":[0,0],"15":[0,0,0],"16":[0,0],"17":[0,0],"18":[0,0],"19":[0,0],"20":[0,0],"21":[0,0],"22":[0,0],"23":[0,0],"24":[12,12],"25":[1,9],"26":[0,8],"27":[0,0],"28":[0],"29":[0,0,0],"30":[0,0],"31":[0,0,0],"32":[0,0],"33":[0,0,0],"34":[0,0]},"meta":{"lastBranch":35,"lastFunction":79,"lastStatement":179,"seen":{"s:5:41:5:Infinity":0,"f:7:16:7:32":0,"s:8:1:8:Infinity":1,"f:11:9:11:35":1,"b:12:1:12:Infinity:undefined:undefined:undefined:undefined":0,"s:12:1:12:Infinity":2,"s:12:20:12:Infinity":3,"f:15:22:15:30":2,"s:16:26:21:Infinity":4,"s:22:1:22:Infinity":5,"s:23:1:23:Infinity":6,"s:24:1:24:Infinity":7,"f:27:22:27:33":3,"s:28:16:31:Infinity":8,"s:32:1:32:Infinity":9,"s:33:1:33:Infinity":10,"f:36:22:36:33":4,"s:37:1:41:Infinity":11,"s:42:1:42:Infinity":12,"f:45:22:45:30":5,"s:46:1:46:Infinity":13,"f:49:22:49:56":6,"s:50:1:54:Infinity":14,"f:53:10:53:18":7,"s:53:18:53:31":15,"f:57:22:57:37":8,"s:58:1:62:Infinity":16,"f:61:10:61:18":9,"s:61:18:61:31":17,"f:65:22:65:38":10,"s:66:13:66:Infinity":18,"s:67:1:75:Infinity":19,"f:68:10:68:Infinity":11,"s:69:3:73:Infinity":20,"s:76:1:76:Infinity":21,"f:83:22:83:59":12,"s:84:1:87:Infinity":22,"f:86:10:86:17":13,"s:86:17:86:29":23,"f:90:22:90:33":14,"b:92:1:94:Infinity:undefined:undefined:undefined:undefined":1,"s:92:1:94:Infinity":24,"s:93:2:93:Infinity":25,"s:97:18:97:Infinity":26,"s:98:22:98:Infinity":27,"f:98:38:98:39":15,"s:98:52:98:82":28,"s:100:29:106:Infinity":29,"s:107:1:107:Infinity":30,"s:108:1:108:Infinity":31,"s:109:1:109:Infinity":32,"f:112:22:112:36":16,"s:113:16:113:Infinity":33,"s:114:1:114:Infinity":34,"s:115:1:115:Infinity":35,"f:118:22:118:36":17,"s:120:17:120:Infinity":36,"b:121:1:121:Infinity:undefined:undefined:undefined:undefined":2,"s:121:1:121:Infinity":37,"s:121:15:121:Infinity":38,"s:124:26:127:Infinity":39,"b:129:1:135:Infinity:undefined:undefined:undefined:undefined":3,"s:129:1:135:Infinity":40,"s:130:2:134:Infinity":41,"f:131:24:131:Infinity":18,"s:132:4:132:Infinity":42,"s:138:1:141:Infinity":43,"s:142:1:142:Infinity":44,"f:149:22:149:62":19,"s:150:17:154:Infinity":45,"f:153:10:153:18":20,"s:153:18:153:52":46,"b:153:18:153:39:153:39:153:52":4,"s:157:1:168:Infinity":47,"f:157:21:157:22":21,"s:159:16:159:Infinity":48,"b:159:16:159:31:159:31:159:Infinity":5,"s:160:16:160:Infinity":49,"b:160:16:160:31:160:31:160:Infinity":6,"b:162:2:164:Infinity:undefined:undefined:undefined:undefined":7,"s:162:2:164:Infinity":50,"s:163:3:163:Infinity":51,"s:167:2:167:Infinity":52,"f:171:22:171:42":22,"s:173:17:179:Infinity":53,"f:176:10:176:18":23,"s:177:3:177:Infinity":54,"b:177:10:177:31:177:31:177:48:177:48:177:66:177:66:177:Infinity":8,"s:182:1:193:Infinity":55,"f:182:21:182:22":24,"s:184:16:184:Infinity":56,"b:184:16:184:31:184:31:184:Infinity":9,"s:185:16:185:Infinity":57,"b:185:16:185:31:185:31:185:Infinity":10,"b:187:2:189:Infinity:undefined:undefined:undefined:undefined":11,"s:187:2:189:Infinity":58,"s:188:3:188:Infinity":59,"s:192:2:192:Infinity":60,"f:196:22:196:37":25,"s:197:1:200:Infinity":61,"s:201:1:201:Infinity":62,"s:204:1:210:Infinity":63,"f:204:8:204:20":26,"s:205:2:208:Infinity":64,"s:209:2:209:Infinity":65,"f:213:22:213:41":27,"s:214:1:217:Infinity":66,"s:218:1:218:Infinity":67,"f:221:22:221:37":28,"s:222:1:229:Infinity":68,"f:223:17:223:18":29,"s:224:3:227:Infinity":69,"s:230:1:230:Infinity":70,"f:233:22:233:42":30,"s:234:13:234:Infinity":71,"s:236:1:243:Infinity":72,"f:237:10:237:Infinity":31,"s:238:3:241:Infinity":73,"s:244:1:244:Infinity":74,"s:247:1:257:Infinity":75,"f:247:8:247:20":32,"s:248:2:255:Infinity":76,"f:249:11:249:Infinity":33,"s:250:4:253:Infinity":77,"s:256:2:256:Infinity":78,"f:264:22:264:59":34,"s:265:1:269:Infinity":79,"f:268:10:268:18":35,"s:268:18:268:52":80,"b:268:18:268:39:268:39:268:52":12,"f:272:22:272:42":36,"s:273:1:277:Infinity":81,"f:276:10:276:18":37,"s:276:18:276:84":82,"b:276:18:276:39:276:39:276:56:276:56:276:84":13,"f:280:22:280:63":38,"s:282:18:286:Infinity":83,"f:285:10:285:18":39,"s:285:18:285:52":84,"b:285:18:285:39:285:39:285:52":14,"s:288:28:292:Infinity":85,"f:291:10:291:18":40,"s:291:18:291:84":86,"b:291:18:291:39:291:39:291:56:291:56:291:84":15,"s:295:26:297:Infinity":87,"f:296:25:296:35":41,"s:296:35:296:52":88,"s:300:1:300:Infinity":89,"f:300:24:300:35":42,"s:300:35:300:68":90,"f:303:22:303:38":43,"s:304:1:307:Infinity":91,"s:308:1:308:Infinity":92,"s:311:1:317:Infinity":93,"f:311:8:311:20":44,"s:312:2:315:Infinity":94,"s:316:2:316:Infinity":95,"f:320:22:320:43":45,"s:321:1:324:Infinity":96,"s:325:1:325:Infinity":97,"f:328:22:328:33":46,"s:329:29:336:Infinity":98,"b:333:9:333:18:333:18:333:Infinity":16,"s:337:1:337:Infinity":99,"s:338:1:338:Infinity":100,"s:339:1:339:Infinity":101,"f:346:22:346:61":47,"s:347:15:351:Infinity":102,"f:350:10:350:18":48,"s:350:18:350:52":103,"b:350:18:350:39:350:39:350:52":17,"s:354:1:365:Infinity":104,"f:354:19:354:20":49,"s:356:16:356:Infinity":105,"b:356:33:356:60:356:60:356:Infinity":18,"s:357:16:357:Infinity":106,"b:357:33:357:60:357:60:357:Infinity":19,"b:359:2:361:Infinity:undefined:undefined:undefined:undefined":20,"s:359:2:361:Infinity":107,"s:360:3:360:Infinity":108,"s:364:2:364:Infinity":109,"f:368:22:368:40":50,"s:369:1:372:Infinity":110,"s:373:1:373:Infinity":111,"s:376:1:382:Infinity":112,"f:376:8:376:20":51,"s:377:2:380:Infinity":113,"s:381:2:381:Infinity":114,"f:385:22:385:Infinity":52,"s:392:26:402:Infinity":115,"b:399:9:399:18:399:18:399:Infinity":21,"s:403:1:403:Infinity":116,"s:404:1:404:Infinity":117,"s:405:1:405:Infinity":118,"f:412:22:412:63":53,"s:413:1:417:Infinity":119,"f:416:10:416:18":54,"s:416:18:416:52":120,"b:416:18:416:39:416:39:416:52":22,"f:420:22:420:45":55,"s:421:1:425:Infinity":121,"s:426:1:426:Infinity":122,"f:429:22:429:37":56,"s:430:26:438:Infinity":123,"b:434:9:434:18:434:18:434:Infinity":23,"s:439:1:439:Infinity":124,"s:440:1:440:Infinity":125,"s:441:1:441:Infinity":126,"f:448:22:448:33":57,"s:449:17:449:Infinity":127,"s:450:1:450:Infinity":128,"b:450:8:450:26:450:26:450:Infinity":24,"f:453:22:453:33":58,"s:454:18:454:Infinity":129,"b:455:1:459:Infinity:457:8:459:Infinity":25,"s:455:1:459:Infinity":130,"s:456:2:456:Infinity":131,"s:458:2:458:Infinity":132,"b:461:1:463:Infinity:undefined:undefined:undefined:undefined":26,"s:461:1:463:Infinity":133,"s:462:2:462:Infinity":134,"f:470:22:470:31":59,"s:471:33:476:Infinity":135,"s:477:1:477:Infinity":136,"s:478:1:478:Infinity":137,"s:479:1:479:Infinity":138,"f:482:22:482:34":60,"s:483:16:486:Infinity":139,"s:487:1:487:Infinity":140,"s:488:1:488:Infinity":141,"f:491:22:491:34":61,"s:492:1:496:Infinity":142,"s:497:1:497:Infinity":143,"f:500:22:500:31":62,"s:501:1:501:Infinity":144,"f:504:22:504:39":63,"s:507:1:513:Infinity":145,"f:512:10:512:15":64,"s:512:15:512:25":146,"f:516:22:516:69":65,"s:517:1:519:Infinity":147,"f:518:10:518:19":66,"s:518:19:518:50":148,"b:518:19:518:36:518:36:518:50":27,"f:522:22:522:36":67,"s:523:13:523:Infinity":149,"s:524:24:529:Infinity":150,"f:524:35:524:41":68,"s:524:41:529:3":151,"s:530:1:530:Infinity":152,"s:531:1:531:Infinity":153,"s:532:1:532:Infinity":154,"f:532:27:532:32":69,"s:532:32:532:36":155,"f:535:22:535:63":70,"s:536:1:538:Infinity":156,"f:537:10:537:15":71,"s:537:15:537:25":157,"f:545:22:545:40":72,"b:545:61:545:82":28,"s:546:16:546:Infinity":158,"s:547:13:547:Infinity":159,"s:550:18:552:Infinity":160,"f:551:10:551:18":73,"s:551:18:551:79":161,"b:551:18:551:36:551:36:551:56:551:56:551:79":29,"b:553:1:556:Infinity:undefined:undefined:undefined:undefined":30,"s:5
[...]
"47":{"start":{"line":161,"column":1},"end":{"line":161,"column":null}},"48":{"start":{"line":172,"column":1},"end":{"line":172,"column":null}}},"fnMap":{"0":{"name":"deserializeDates","decl":{"start":{"line":36,"column":9},"end":{"line":36,"column":26}},"loc":{"start":{"line":36,"column":44},"end":{"line":50,"column":null}},"line":36},"1":{"name":"getTimestamp","decl":{"start":{"line":56,"column":9},"end":{"line":56,"column":22}},"loc":{"start":{"line":56,"column":57},"end":{"line":58,"column":null}},"line":56},"2":{"name":"compareDates","decl":{"start":{"line":63,"column":9},"end":{"line":63,"column":22}},"loc":{"start":{"line":63,"column":66},"end":{"line":67,"column":null}},"line":63},"3":{"name":"mergeTable","decl":{"start":{"line":77,"column":16},"end":{"line":77,"column":null}},"loc":{"start":{"line":81,"column":7},"end":{"line":120,"column":null}},"line":81},"4":{"name":"(anonymous_4)","decl":{"start":{"line":80,"column":41},"end":{"line":80,"column":42}},"loc":{"start":{"line":80,"column":53},"end":{"line":80,"column":null}},"line":80},"5":{"name":"mergePayloads","decl":{"start":{"line":125,"column":16},"end":{"line":125,"column":null}},"loc":{"start":{"line":128,"column":25},"end":{"line":162,"column":null}},"line":128},"6":{"name":"(anonymous_6)","decl":{"start":{"line":154,"column":60},"end":{"line":154,"column":61}},"loc":{"start":{"line":154,"column":77},"end":{"line":154,"column":87}},"line":154},"7":{"name":"mergeData","decl":{"start":{"line":168,"column":16},"end":{"line":168,"column":null}},"loc":{"start":{"line":171,"column":25},"end":{"line":173,"column":null}},"line":171}},"branchMap":{"0":{"loc":{"start":{"line":37,"column":1},"end":{"line":39,"column":null}},"type":"if","locations":[{"start":{"line":37,"column":1},"end":{"line":39,"column":null}},{"start":{},"end":{}}],"line":37},"1":{"loc":{"start":{"line":37,"column":5},"end":{"line":37,"column":44}},"type":"binary-expr","locations":[{"start":{"line":37,"column":5},"end":{"line":37,"column":16}},{"start":{"line":37,"column":16},"end":{"line":37,"column":44}}],"line":37},"2":{"loc":{"start":{"line":44,"column":2},"end":{"line":46,"column":null}},"type":"if","locations":[{"start":{"line":44,"column":2},"end":{"line":46,"column":null}},{"start":{},"end":{}}],"line":44},"3":{"loc":{"start":{"line":44,"column":6},"end":{"line":44,"column":70}},"type":"binary-expr","locations":[{"start":{"line":44,"column":6},"end":{"line":44,"column":29}},{"start":{"line":44,"column":29},"end":{"line":44,"column":70}}],"line":44},"4":{"loc":{"start":{"line":57,"column":8},"end":{"line":57,"column":null}},"type":"binary-expr","locations":[{"start":{"line":57,"column":8},"end":{"line":57,"column":27}},{"start":{"line":57,"column":27},"end":{"line":57,"column":47}},{"start":{"line":57,"column":47},"end":{"line":57,"column":65}},{"start":{"line":57,"column":65},"end":{"line":57,"column":null}}],"line":57},"5":{"loc":{"start":{"line":64,"column":15},"end":{"line":64,"column":null}},"type":"cond-expr","locations":[{"start":{"line":64,"column":39},"end":{"line":64,"column":53}},{"start":{"line":64,"column":53},"end":{"line":64,"column":null}}],"line":64},"6":{"loc":{"start":{"line":65,"column":15},"end":{"line":65,"column":null}},"type":"cond-expr","locations":[{"start":{"line":65,"column":39},"end":{"line":65,"column":53}},{"start":{"line":65,"column":53},"end":{"line":65,"column":null}}],"line":65},"7":{"loc":{"start":{"line":80,"column":1},"end":{"line":80,"column":null}},"type":"default-arg","locations":[{"start":{"line":80,"column":41},"end":{"line":80,"column":null}}],"line":80},"8":{"loc":{"start":{"line":96,"column":2},"end":{"line":116,"column":null}},"type":"if","locations":[{"start":{"line":96,"column":2},"end":{"line":116,"column":null}},{"start":{"line":99,"column":9},"end":{"line":116,"column":null}}],"line":96},"9":{"loc":{"start":{"line":104,"column":3},"end":{"line":114,"column":null}},"type":"if","locations":[{"start":{"line":104,"column":3},"end":{"line":114,"column":null}},{"start":{"line":111,"column":3},"end":{"line":114,"column":null}}],"line":104},"10":{"loc":{"start":{"line":104,"column":7},"end":{"line":104,"column":32}},"type":"binary-expr","locations":[{"start":{"line":104,"column":7},"end":{"line":104,"column":21}},{"start":{"line":104,"column":21},"end":{"line":104,"column":32}}],"line":104},"11":{"loc":{"start":{"line":106,"column":4},"end":{"line":109,"column":null}},"type":"if","locations":[{"start":{"line":106,"column":4},"end":{"line":109,"column":null}},{"start":{},"end":{}}],"line":106},"12":{"loc":{"start":{"line":111,"column":3},"end":{"line":114,"column":null}},"type":"if","locations":[{"start":{"line":111,"column":3},"end":{"line":114,"column":null}},{"start":{},"end":{}}],"line":111},"13":{"loc":{"start":{"line":111,"column":14},"end":{"line":111,"column":40}},"type":"binary-expr","locations":[{"start":{"line":111,"column":14},"end":{"line":111,"column":28}},{"start":{"line":111,"column":28},"end":{"line":111,"column":40}}],"line":111},"14":{"loc":{"start":{"line":138,"column":21},"end":{"line":138,"column":null}},"type":"binary-expr","locations":[{"start":{"line":138,"column":21},"end":{"line":138,"column":45}},{"start":{"line":138,"column":45},"end":{"line":138,"column":null}}],"line":138},"15":{"loc":{"start":{"line":139,"column":22},"end":{"line":139,"column":null}},"type":"binary-expr","locations":[{"start":{"line":139,"column":22},"end":{"line":139,"column":47}},{"start":{"line":139,"column":47},"end":{"line":139,"column":null}}],"line":139},"16":{"loc":{"start":{"line":141,"column":2},"end":{"line":158,"column":null}},"type":"if","locations":[{"start":{"line":141,"column":2},"end":{"line":158,"column":null}},{"start":{"line":144,"column":2},"end":{"line":158,"column":null}}],"line":141},"17":{"loc":{"start":{"line":141,"column":6},"end":{"line":141,"column":59}},"type":"binary-expr","locations":[{"start":{"line":141,"column":6},"end":{"line":141,"column":33}},{"start":{"line":141,"column":33},"end":{"line":141,"column":59}}],"line":141},"18":{"loc":{"start":{"line":144,"column":2},"end":{"line":158,"column":null}},"type":"if","locations":[{"start":{"line":144,"column":2},"end":{"line":158,"column":null}},{"start":{"line":147,"column":2},"end":{"line":158,"column":null}}],"line":144},"19":{"loc":{"start":{"line":147,"column":2},"end":{"line":158,"column":null}},"type":"if","locations":[{"start":{"line":147,"column":2},"end":{"line":158,"column":null}},{"start":{"line":150,"column":9},"end":{"line":158,"column":null}}],"line":147},"20":{"loc":{"start":{"line":153,"column":3},"end":{"line":157,"column":null}},"type":"if","locations":[{"start":{"line":153,"column":3},"end":{"line":157,"column":null}},{"start":{"line":155,"column":10},"end":{"line":157,"column":null}}],"line":153}},"s":{"0":1,"1":31,"2":0,"3":31,"4":31,"5":279,"6":11,"7":31,"8":18,"9":9,"10":9,"11":9,"12":26,"13":18,"14":18,"15":14,"16":14,"17":18,"18":16,"19":16,"20":16,"21":16,"22":7,"23":9,"24":9,"25":9,"26":9,"27":9,"28":6,"29":0,"30":0,"31":18,"32":6,"33":6,"34":6,"35":7,"36":7,"37":7,"38":1,"39":6,"40":1,"41":5,"42":1,"43":4,"44":1,"45":2,"46":3,"47":6,"48":1},"f":{"0":31,"1":18,"2":9,"3":18,"4":26,"5":6,"6":2,"7":1},"b":{"0":[0,31],"1":[31,31],"2":[11,268],"3":[279,41],"4":[18,0,0,0],"5":[0,9],"6":[0,9],"7":[26],"8":[7,9],"9":[9,0],"10":[9,9],"11":[6,3],"12":[0,0],"13":[0,0],"14":[7,1],"15":[7,1],"16":[1,6],"17":[7,2],"18":[1,5],"19":[1,4],"20":[1,3]},"meta":{"lastBranch":21,"lastFunction":8,"lastStatement":49,"seen":{"s:21:20:31:Infinity":0,"f:36:9:36:26":0,"b:37:1:39:Infinity:undefined:undefined:undefined:undefined":0,"s:37:1:39:Infinity":1,"b:37:5:37:16:37:16:37:44":1,"s:38:2:38:Infinity":2,"s:41:22:41:Infinity":3,"s:43:1:47:Infinity":4,"b:44:2:46:Infinity:undefined:undefined:undefined:undefined":2,"s:44:2:46:Infinity":5,"b:44:6:44:29:44:29:44:70":3,"s:45:3:45:Infinity":6,"s:49:1:49:Infinity":7,"f:56:9:56:22":1,"s:57:1:57:Infinity":8,"b:57:8:57:27:57:27:57:47:57:47:57:65:57:65:57:Infinity":4,"f:63:9:63:22":2,"s:64:15:64:Infinity":9,"b:64:39:64:53:64:53:64:Infinity":5,"s:65:15:65:Infinity":10,"b:65:39:65:53:65:53:65:Infinity":6,"s:66:1:66:Infinity":11,"f:77:16:77:Infinity":3,"b:80:41:80:Infinity":7,"f:80:41:80:42":4,"s:80:53:80:Infinity":12,"s:82:16:82:Infinity":13,"s:85:1:88:Infinity":14,"s:86:14:86:Infinity":15,"s:87:2:87:Infinity":16,"s:91:1:117:Infinity":17,"s:92:23:92:Infinity":18,"s:93:14:93:Infinity":19,"s:94:22:94:Infinity":20,"b:96:2:116:Infinity:99:9:116:Infinity":8,"s:96:2:116:Infinity":21,"s:98:3:98:Infinity":22,"s:101:22:101:Infinity":23,"s:102:21:102:Infinity":24,"b:104:3:114:Infinity:111:3:114:Infinity":9,"s:104:3:114:Infinity":25,"b:104:7:104:21:104:21:104:32":10,"s:105:23:105:Infinity":26,"b:106:4:109:Infinity:undefined:undefined:undefined:undefined":11,"s:106:4:109:Infinity":27,"s:108:5:108:Infinity":28,"b:111:3:114:Infinity:undefined:undefined:undefined:undefined":12,"s:111:3:114:Infinity":29,"b:111:14:111:28:111:28:111:40":13,"s:113:4:113:Infinity":30,"s:119:1:119:Infinity":31,"f:125:16:125:Infinity":5,"s:129:39:129:Infinity":32,"s:132:19:135:Infinity":33,"s:137:1:159:Infinity":34,"s:138:21:138:Infinity":35,"b:138:21:138:45:138:45:138:Infinity":14,"s:139:22:139:Infinity":36,"b:139:22:139:47:139:47:139:Infinity":15,"b:141:2:158:Infinity:144:2:158:Infinity":16,"s:141:2:158:Infinity":37,"b:141:6:141:33:141:33:141:59":17,"s:143:3:143:Infinity":38,"b:144:2:158:Infinity:147:2:158:Infinity":18,"s:144:2:158:Infinity":39,"s:146:3:146:Infinity":40,"b:147:2:158:Infinity:150:9:158:Infinity":19,"s:147:2:158:Infinity":41,"s:149:3:149:Infinity":42,"b:153:3:157:Infinity:155:10:157:Infinity":20,"s:153:3:157:Infinity":43,"s:154:4:154:Infinity":44,"f:154:60:154:61":6,"s:154:77:154:87":45,"s:156:4:156:Infinity":46,"s:161:1:161:Infinity":47,"f:168:16:168:Infinity":7,"s:172:1:172:Infinity":48}}}
,"/Users/annon/projects/GTD/src/lib/utils/time.ts": {"path":"/Users/annon/projects/GTD/src/lib/utils/time.ts","statementMap":{"0":{"start":{"line":6,"column":13},"end":{"line":6,"column":null}},"1":{"start":{"line":7,"column":13},"end":{"line":7,"column":null}},"2":{"start":{"line":8,"column":16},"end":{"line":8,"column":null}},"3":{"start":{"line":9,"column":18},"end":{"line":9,"column":null}},"4":{"start":{"line":12,"column":1},"end":{"line":14,"column":null}},"5":{"start":{"line":13,"column":2},"end":{"line":13,"column":null}},"6":{"start":{"line":17,"column":18},"end":{"line":17,"column":null}},"7":{"start":{"line":18,"column":1},"end":{"line":20,"column":null}},"8":{"start":{"line":19,"column":2},"end":{"line":19,"column":null}},"9":{"start":{"line":23,"column":19},"end":{"line":23,"column":null}},"10":{"start":{"line":24,"column":1},"end":{"line":26,"column":null}},"11":{"start":{"line":25,"column":2},"end":{"line":25,"column":null}},"12":{"start":{"line":29,"column":18},"end":{"line":29,"column":null}},"13":{"start":{"line":30,"column":1},"end":{"line":32,"column":null}},"14":{"start":{"line":31,"column":2},"end":{"line":31,"column":null}},"15":{"start":{"line":35,"column":1},"end":{"line":38,"column":null}},"16":{"start":{"line":36,"column":20},"end":{"line":36,"column":null}},"17":{"start":{"line":37,"column":2},"end":{"line":37,"column":null}},"18":{"start":{"line":41,"column":1},"end":{"line":41,"column":null}},"19":{"start":{"line":45,"column":1},"end":{"line":45,"column":null}},"20":{"start":{"line":45,"column":18},"end":{"line":45,"column":null}},"21":{"start":{"line":47,"column":13},"end":{"line":47,"column":null}},"22":{"start":{"line":48,"column":16},"end":{"line":48,"column":null}},"23":{"start":{"line":49,"column":18},"end":{"line":49,"column":null}},"24":{"start":{"line":51,"column":1},"end":{"line":51,"column":null}},"25":{"start":{"line":51,"column":21},"end":{"line":51,"column":null}},"26":{"start":{"line":52,"column":1},"end":{"line":52,"column":null}},"27":{"start":{"line":52,"column":21},"end":{"line":52,"column":null}},"28":{"start":{"line":53,"column":1},"end":{"line":53,"column":null}},"29":{"start":{"line":53,"column":19},"end":{"line":53,"column":null}},"30":{"start":{"line":54,"column":1},"end":{"line":54,"column":null}},"31":{"start":{"line":54,"column":21},"end":{"line":54,"column":null}},"32":{"start":{"line":55,"column":1},"end":{"line":55,"column":null}},"33":{"start":{"line":55,"column":20},"end":{"line":55,"column":null}},"34":{"start":{"line":56,"column":1},"end":{"line":56,"column":null}},"35":{"start":{"line":56,"column":20},"end":{"line":56,"column":null}},"36":{"start":{"line":58,"column":20},"end":{"line":58,"column":null}},"37":{"start":{"line":59,"column":1},"end":{"line":59,"column":null}}},"fnMap":{"0":{"name":"formatRelativeTime","decl":{"start":{"line":5,"column":16},"end":{"line":5,"column":35}},"loc":{"start":{"line":5,"column":55},"end":{"line":42,"column":null}},"line":5},"1":{"name":"getTimeSinceLastReview","decl":{"start":{"line":44,"column":16},"end":{"line":44,"column":39}},"loc":{"start":{"line":44,"column":72},"end":{"line":60,"column":null}},"line":44}},"branchMap":{"0":{"loc":{"start":{"line":12,"column":1},"end":{"line":14,"column":null}},"type":"if","locations":[{"start":{"line":12,"column":1},"end":{"line":14,"column":null}},{"start":{},"end":{}}],"line":12},"1":{"loc":{"start":{"line":18,"column":1},"end":{"line":20,"column":null}},"type":"if","locations":[{"start":{"line":18,"column":1},"end":{"line":20,"column":null}},{"start":{},"end":{}}],"line":18},"2":{"loc":{"start":{"line":24,"column":1},"end":{"line":26,"column":null}},"type":"if","locations":[{"start":{"line":24,"column":1},"end":{"line":26,"column":null}},{"start":{},"end":{}}],"line":24},"3":{"loc":{"start":{"line":30,"column":1},"end":{"line":32,"column":null}},"type":"if","locations":[{"start":{"line":30,"column":1},"end":{"line":32,"column":null}},{"start":{},"end":{}}],"line":30},"4":{"loc":{"start":{"line":35,"column":1},"end":{"line":38,"column":null}},"type":"if","locations":[{"start":{"line":35,"column":1},"end":{"line":38,"column":null}},{"start":{},"end":{}}],"line":35},"5":{"loc":{"start":{"line":45,"column":1},"end":{"line":45,"column":null}},"type":"if","locations":[{"start":{"line":45,"column":1},"end":{"line":45,"column":null}},{"start":{},"end":{}}],"line":45},"6":{"loc":{"start":{"line":51,"column":1},"end":{"line":51,"column":null}},"type":"if","locations":[{"start":{"line":51,"column":1},"end":{"line":51,"column":null}},{"start":{},"end":{}}],"line":51},"7":{"loc":{"start":{"line":52,"column":1},"end":{"line":52,"column":null}},"type":"if","locations":[{"start":{"line":52,"column":1},"end":{"line":52,"column":null}},{"start":{},"end":{}}],"line":52},"8":{"loc":{"start":{"line":53,"column":1},"end":{"line":53,"column":null}},"type":"if","locations":[{"start":{"line":53,"column":1},"end":{"line":53,"column":null}},{"start":{},"end":{}}],"line":53},"9":{"loc":{"start":{"line":54,"column":1},"end":{"line":54,"column":null}},"type":"if","locations":[{"start":{"line":54,"column":1},"end":{"line":54,"column":null}},{"start":{},"end":{}}],"line":54},"10":{"loc":{"start":{"line":55,"column":1},"end":{"line":55,"column":null}},"type":"if","locations":[{"start":{"line":55,"column":1},"end":{"line":55,"column":null}},{"start":{},"end":{}}],"line":55},"11":{"loc":{"start":{"line":56,"column":1},"end":{"line":56,"column":null}},"type":"if","locations":[{"start":{"line":56,"column":1},"end":{"line":56,"column":null}},{"start":{},"end":{}}],"line":56},"12":{"loc":{"start":{"line":59,"column":8},"end":{"line":59,"column":null}},"type":"cond-expr","locations":[{"start":{"line":59,"column":27},"end":{"line":59,"column":43}},{"start":{"line":59,"column":43},"end":{"line":59,"column":null}}],"line":59}},"s":{"0":14,"1":14,"2":14,"3":14,"4":14,"5":8,"6":6,"7":6,"8":1,"9":5,"10":5,"11":1,"12":4,"13":4,"14":2,"15":2,"16":1,"17":1,"18":1,"19":9,"20":1,"21":8,"22":8,"23":8,"24":8,"25":1,"26":7,"27":1,"28":6,"29":6,"30":5,"31":1,"32":4,"33":1,"34":3,"35":3,"36":2,"37":2},"f":{"0":14,"1":9},"b":{"0":[8,6],"1":[1,5],"2":[1,4],"3":[2,2],"4":[1,1],"5":[1,8],"6":[1,7],"7":[1,6],"8":[1,5],"9":[1,4],"10":[1,3],"11":[1,2],"12":[1,1]},"meta":{"lastBranch":13,"lastFunction":2,"lastStatement":38,"seen":{"f:5:16:5:35":0,"s:6:13:6:Infinity":0,"s:7:13:7:Infinity":1,"s:8:16:8:Infinity":2,"s:9:18:9:Infinity":3,"b:12:1:14:Infinity:undefined:undefined:undefined:undefined":0,"s:12:1:14:Infinity":4,"s:13:2:13:Infinity":5,"s:17:18:17:Infinity":6,"b:18:1:20:Infinity:undefined:undefined:undefined:undefined":1,"s:18:1:20:Infinity":7,"s:19:2:19:Infinity":8,"s:23:19:23:Infinity":9,"b:24:1:26:Infinity:undefined:undefined:undefined:undefined":2,"s:24:1:26:Infinity":10,"s:25:2:25:Infinity":11,"s:29:18:29:Infinity":12,"b:30:1:32:Infinity:undefined:undefined:undefined:undefined":3,"s:30:1:32:Infinity":13,"s:31:2:31:Infinity":14,"b:35:1:38:Infinity:undefined:undefined:undefined:undefined":4,"s:35:1:38:Infinity":15,"s:36:20:36:Infinity":16,"s:37:2:37:Infinity":17,"s:41:1:41:Infinity":18,"f:44:16:44:39":1,"b:45:1:45:Infinity:undefined:undefined:undefined:undefined":5,"s:45:1:45:Infinity":19,"s:45:18:45:Infinity":20,"s:47:13:47:Infinity":21,"s:48:16:48:Infinity":22,"s:49:18:49:Infinity":23,"b:51:1:51:Infinity:undefined:undefined:undefined:undefined":6,"s:51:1:51:Infinity":24,"s:51:21:51:Infinity":25,"b:52:1:52:Infinity:undefined:undefined:undefined:undefined":7,"s:52:1:52:Infinity":26,"s:52:21:52:Infinity":27,"b:53:1:53:Infinity:undefined:undefined:undefined:undefined":8,"s:53:1:53:Infinity":28,"s:53:19:53:Infinity":29,"b:54:1:54:Infinity:undefined:undefined:undefined:undefined":9,"s:54:1:54:Infinity":30,"s:54:21:54:Infinity":31,"b:55:1:55:Infinity:undefined:undefined:undefined:undefined":10,"s:55:1:55:Infinity":32,"s:55:20:55:Infinity":33,"b:56:1:56:Infinity:undefined:undefined:undefined:undefined":11,"s:56:1:56:Infinity":34,"s:56:20:56:Infinity":35,"s:58:20:58:Infinity":36,"s:59:1:59:Infinity":37,"b:59:27:59:43:59:43:59:Infinity":12}}}
,"/Users/annon/projects/GTD/src/lib/utils/uuid.ts": {"path":"/Users/annon/projects/GTD/src/lib/utils/uuid.ts","statementMap":{"0":{"start":{"line":6,"column":1},"end":{"line":8,"column":null}},"1":{"start":{"line":7,"column":2},"end":{"line":7,"column":null}},"2":{"start":{"line":11,"column":1},"end":{"line":15,"column":null}},"3":{"start":{"line":12,"column":13},"end":{"line":12,"column":null}},"4":{"start":{"line":13,"column":12},"end":{"line":13,"column":null}},"5":{"start":{"line":14,"column":2},"end":{"line":14,"column":null}}},"fnMap":{"0":{"name":"generateUUID","decl":{"start":{"line":5,"column":16},"end":{"line":5,"column":39}},"loc":{"start":{"line":5,"column":39},"end":{"line":16,"column":null}},"line":5},"1":{"name":"(anonymous_1)","decl":{"start":{"line":11,"column":64},"end":{"line":11,"column":74}},"loc":{"start":{"line":11,"column":77},"end":{"line":15,"column":2}},"line":11}},"branchMap":{"0":{"loc":{"start":{"line":6,"column":1},"end":{"line":8,"column":null}},"type":"if","locations":[{"start":{"line":6,"column":1},"end":{"line":8,"column":null}},{"start":{},"end":{}}],"line":6},"1":{"loc":{"start":{"line":6,"column":5},"end":{"line":6,"column":57}},"type":"binary-expr","locations":[{"start":{"line":6,"column":5},"end":{"line":6,"column":38}},{"start":{"line":6,"column":38},"end":{"line":6,"column":57}}],"line":6},"2":{"loc":{"start":{"line":13,"column":12},"end":{"line":13,"column":null}},"type":"cond-expr","locations":[{"start":{"line":13,"column":24},"end":{"line":13,"column":29}},{"start":{"line":13,"column":29},"end":{"line":13,"column":null}}],"line":13}},"s":{"0":304,"1":304,"2":0,"3":0,"4":0,"5":0},"f":{"0":304,"1":0},"b":{"0":[304,0],"1":[304,304],"2":[0,0]},"meta":{"lastBranch":3,"lastFunction":2,"lastStatement":6,"seen":{"f:5:16:5:39":0,"b:6:1:8:Infinity:undefined:undefined:undefined:undefined":0,"s:6:1:8:Infinity":0,"b:6:5:6:38:6:38:6:57":1,"s:7:2:7:Infinity":1,"s:11:1:15:Infinity":2,"f:11:64:11:74":1,"s:12:13:12:Infinity":3,"s:13:12:13:Infinity":4,"b:13:24:13:29:13:29:13:Infinity":2,"s:14:2:14:Infinity":5}}}
}
